   ▲ Next.js 14.0.3
   - Local:        http://localhost:3000
   - Network:      http://0.0.0.0:3000

 ✓ Ready in 163ms
Environment variables check:
NEXT_PUBLIC_BASE_PATH: null
WEB3AUTH_CLIENT_ID: Present
CHAIN_ID: 8453
RPC_URL: https://rpc.ankr.com/base/ece739aa8645bab439684917a8b43160d6dd77699386bb20d502cb1266410c1e
RPC_URL raw bytes: [
  104, 116, 116, 112, 115,  58,  47,  47, 114, 112,  99,  46,
   97, 110, 107, 114,  46,  99, 111, 109,  47,  98,  97, 115,
  101,  47, 101,  99, 101,  55,  51,  57,  97,  97,  56,  54,
   52,  53,  98,  97,  98,  52,  51,  57,  54,  56,  52,  57,
   49,  55,  97,  56,  98,  52,  51,  49,  54,  48, 100,  54,
  100, 100,  55,  55,  54,  57,  57,  51,  56,  54,  98,  98,
   50,  48, 100,  53,  48,  50,  99,  98,  49,  50,  54,  54,
   52,  49,  48,  99,  49, 101
]
RPC_URL trimmed: https://rpc.ankr.com/base/ece739aa8645bab439684917a8b43160d6dd77699386bb20d502cb1266410c1e
RPC_URL trimmed bytes: [
  104, 116, 116, 112, 115,  58,  47,  47, 114, 112,  99,  46,
   97, 110, 107, 114,  46,  99, 111, 109,  47,  98,  97, 115,
  101,  47, 101,  99, 101,  55,  51,  57,  97,  97,  56,  54,
   52,  53,  98,  97,  98,  52,  51,  57,  54,  56,  52,  57,
   49,  55,  97,  56,  98,  52,  51,  49,  54,  48, 100,  54,
  100, 100,  55,  55,  54,  57,  57,  51,  56,  54,  98,  98,
   50,  48, 100,  53,  48,  50,  99,  98,  49,  50,  54,  54,
   52,  49,  48,  99,  49, 101
]
USDC_CONTRACT_ADDRESS: 0x833589fCD6eDb6E08f4c7C32D4f71b54bdA02913
MOONPAY_API_KEY: Missing
MIN_GAS_WEI: 5
MAX_GAS_PRICE_GWEI: 0.03
MAX_GAS_COST_GWEI: 14800
USDC_GRANT_FOUNDRY_GAS: 65000
DEPOSIT_FUNDS_FOUNDRY_GAS: 86500
GAS_PRICE_BUFFER: 1.2
EXPLORER_BASE_URL: https://base.blockscout.com
SERVICE_LINK: https://test.conduit-ucpi.com
CONTRACT_ADDRESS: 0x9De07D0838dE00edd14cF491C5CfEB226C28A9b4
WALLETCONNECT_PROJECT_ID: Present
DYNAMIC_ENVIRONMENT_ID: Present
Config being sent: {
  web3AuthClientId: 'BPDapDap0_WU7NXzbzcEQT6Hc2MDceD2zPnuYCRKBZOz5BJOPkgO0gjajNwBhBYNaJEOd7DBKjtnSyLUY6dSMR4',
  web3AuthNetwork: 'sapphire_mainnet',
  dynamicEnvironmentId: 'ac6e291d-cf43-4e6a-9d1d-b213fb345b61',
  chainId: 8453,
  rpcUrl: 'https://rpc.ankr.com/base/ece739aa8645bab439684917a8b43160d6dd77699386bb20d502cb1266410c1e',
  usdcContractAddress: '0x833589fCD6eDb6E08f4c7C32D4f71b54bdA02913',
  contractAddress: '0x9De07D0838dE00edd14cF491C5CfEB226C28A9b4',
  contractFactoryAddress: '0x5D2EfBfFa33026b95acAD4A21bC1C925f39A93CD',
  userServiceUrl: 'http://userservice-prod:8977',
  chainServiceUrl: 'http://chainservice-prod:8978',
  contractServiceUrl: 'http://contractservice-prod:8080',
  moonPayApiKey: '',
  minGasWei: '5',
  maxGasPriceGwei: '0.03',
  maxGasCostGwei: '14800',
  usdcGrantFoundryGas: '65000',
  depositFundsFoundryGas: '86500',
  gasPriceBuffer: '1.2',
  basePath: '',
  explorerBaseUrl: 'https://base.blockscout.com',
  serviceLink: 'https://test.conduit-ucpi.com',
  neynarApiKey: 'C0C78521-33DC-426E-AF4F-9D7A191B90A1',
  walletConnectProjectId: '79363b85e333179e8dffa5da8e3c776a',
  walletServicesShowWidget: undefined,
  walletServicesButtonPosition: undefined,
  walletServicesEnableKeyExport: undefined,
  walletServicesHideTopup: undefined,
  gitTag: 'farcaster-test-v38.2.5',
  gitSha: 'be6fb46',
  buildVersion: 'unknown'
}
Environment variables check:
NEXT_PUBLIC_BASE_PATH: null
WEB3AUTH_CLIENT_ID: Present
CHAIN_ID: 8453
RPC_URL: https://rpc.ankr.com/base/ece739aa8645bab439684917a8b43160d6dd77699386bb20d502cb1266410c1e
RPC_URL raw bytes: [
  104, 116, 116, 112, 115,  58,  47,  47, 114, 112,  99,  46,
   97, 110, 107, 114,  46,  99, 111, 109,  47,  98,  97, 115,
  101,  47, 101,  99, 101,  55,  51,  57,  97,  97,  56,  54,
   52,  53,  98,  97,  98,  52,  51,  57,  54,  56,  52,  57,
   49,  55,  97,  56,  98,  52,  51,  49,  54,  48, 100,  54,
  100, 100,  55,  55,  54,  57,  57,  51,  56,  54,  98,  98,
   50,  48, 100,  53,  48,  50,  99,  98,  49,  50,  54,  54,
   52,  49,  48,  99,  49, 101
]
RPC_URL trimmed: https://rpc.ankr.com/base/ece739aa8645bab439684917a8b43160d6dd77699386bb20d502cb1266410c1e
RPC_URL trimmed bytes: [
  104, 116, 116, 112, 115,  58,  47,  47, 114, 112,  99,  46,
   97, 110, 107, 114,  46,  99, 111, 109,  47,  98,  97, 115,
  101,  47, 101,  99, 101,  55,  51,  57,  97,  97,  56,  54,
   52,  53,  98,  97,  98,  52,  51,  57,  54,  56,  52,  57,
   49,  55,  97,  56,  98,  52,  51,  49,  54,  48, 100,  54,
  100, 100,  55,  55,  54,  57,  57,  51,  56,  54,  98,  98,
   50,  48, 100,  53,  48,  50,  99,  98,  49,  50,  54,  54,
   52,  49,  48,  99,  49, 101
]
USDC_CONTRACT_ADDRESS: 0x833589fCD6eDb6E08f4c7C32D4f71b54bdA02913
MOONPAY_API_KEY: Missing
MIN_GAS_WEI: 5
MAX_GAS_PRICE_GWEI: 0.03
MAX_GAS_COST_GWEI: 14800
USDC_GRANT_FOUNDRY_GAS: 65000
DEPOSIT_FUNDS_FOUNDRY_GAS: 86500
GAS_PRICE_BUFFER: 1.2
EXPLORER_BASE_URL: https://base.blockscout.com
SERVICE_LINK: https://test.conduit-ucpi.com
CONTRACT_ADDRESS: 0x9De07D0838dE00edd14cF491C5CfEB226C28A9b4
WALLETCONNECT_PROJECT_ID: Present
DYNAMIC_ENVIRONMENT_ID: Present
Config being sent: {
  web3AuthClientId: 'BPDapDap0_WU7NXzbzcEQT6Hc2MDceD2zPnuYCRKBZOz5BJOPkgO0gjajNwBhBYNaJEOd7DBKjtnSyLUY6dSMR4',
  web3AuthNetwork: 'sapphire_mainnet',
  dynamicEnvironmentId: 'ac6e291d-cf43-4e6a-9d1d-b213fb345b61',
  chainId: 8453,
  rpcUrl: 'https://rpc.ankr.com/base/ece739aa8645bab439684917a8b43160d6dd77699386bb20d502cb1266410c1e',
  usdcContractAddress: '0x833589fCD6eDb6E08f4c7C32D4f71b54bdA02913',
  contractAddress: '0x9De07D0838dE00edd14cF491C5CfEB226C28A9b4',
  contractFactoryAddress: '0x5D2EfBfFa33026b95acAD4A21bC1C925f39A93CD',
  userServiceUrl: 'http://userservice-prod:8977',
  chainServiceUrl: 'http://chainservice-prod:8978',
  contractServiceUrl: 'http://contractservice-prod:8080',
  moonPayApiKey: '',
  minGasWei: '5',
  maxGasPriceGwei: '0.03',
  maxGasCostGwei: '14800',
  usdcGrantFoundryGas: '65000',
  depositFundsFoundryGas: '86500',
  gasPriceBuffer: '1.2',
  basePath: '',
  explorerBaseUrl: 'https://base.blockscout.com',
  serviceLink: 'https://test.conduit-ucpi.com',
  neynarApiKey: 'C0C78521-33DC-426E-AF4F-9D7A191B90A1',
  walletConnectProjectId: '79363b85e333179e8dffa5da8e3c776a',
  walletServicesShowWidget: undefined,
  walletServicesButtonPosition: undefined,
  walletServicesEnableKeyExport: undefined,
  walletServicesHideTopup: undefined,
  gitTag: 'farcaster-test-v38.2.5',
  gitSha: 'be6fb46',
  buildVersion: 'unknown'
}
[MOBILE-DEBUG:mobile-1761036990133-u8eyneqdqyp] [2025-10-22T19:49:53.039Z] [INFO] [DynamicWrapper] Creating wagmi configuration {
  "chainId": 8453,
  "chainName": "Base"
}
[MOBILE-DEBUG:mobile-1761036990133-u8eyneqdqyp] [2025-10-22T19:49:53.039Z] [DATA] {
  "chainId": 8453,
  "chainName": "Base"
}
[MOBILE-DEBUG:mobile-1761036990133-u8eyneqdqyp] [2025-10-22T19:49:53.039Z] [CONTEXT] URL: https://test.conduit-ucpi.com/, UserAgent: Mozilla/5.0 (Linux; Android 10; K) AppleWebKit/537.36 (KHTML, like Gecko) Chrome/141.0.0.0 Mobile Safari/537.36
[MOBILE-DEBUG:mobile-1761036990133-u8eyneqdqyp] [2025-10-22T19:49:53.043Z] [INFO] [DynamicWrapper] Creating Dynamic settings with WagmiProvider + DynamicWagmiConnector {
  "environmentId": "ac6e291d-c...",
  "chainId": 8453
}
[MOBILE-DEBUG:mobile-1761036990133-u8eyneqdqyp] [2025-10-22T19:49:53.043Z] [DATA] {
  "environmentId": "ac6e291d-c...",
  "chainId": 8453
}
[MOBILE-DEBUG:mobile-1761036990133-u8eyneqdqyp] [2025-10-22T19:49:53.043Z] [CONTEXT] URL: https://test.conduit-ucpi.com/, UserAgent: Mozilla/5.0 (Linux; Android 10; K) AppleWebKit/537.36 (KHTML, like Gecko) Chrome/141.0.0.0 Mobile Safari/537.36
[MOBILE-DEBUG:mobile-1761036990133-u8eyneqdqyp] [2025-10-22T19:49:53.043Z] [INFO] [DynamicConfig] Creating Dynamic configuration 
[MOBILE-DEBUG:mobile-1761036990133-u8eyneqdqyp] [2025-10-22T19:49:53.043Z] [CONTEXT] URL: https://test.conduit-ucpi.com/, UserAgent: Mozilla/5.0 (Linux; Android 10; K) AppleWebKit/537.36 (KHTML, like Gecko) Chrome/141.0.0.0 Mobile Safari/537.36
[MOBILE-DEBUG:mobile-1761036990133-u8eyneqdqyp] [2025-10-22T19:49:53.043Z] [INFO] [DynamicConfig] Dynamic settings created {
  "environmentId": "ac6e291d-c...",
  "chainId": 8453,
  "networkName": "Base Mainnet",
  "hasWalletConnectors": true,
  "connectorCount": 1
}
[MOBILE-DEBUG:mobile-1761036990133-u8eyneqdqyp] [2025-10-22T19:49:53.043Z] [DATA] {
  "environmentId": "ac6e291d-c...",
  "chainId": 8453,
  "networkName": "Base Mainnet",
  "hasWalletConnectors": true,
  "connectorCount": 1
}
[MOBILE-DEBUG:mobile-1761036990133-u8eyneqdqyp] [2025-10-22T19:49:53.043Z] [CONTEXT] URL: https://test.conduit-ucpi.com/, UserAgent: Mozilla/5.0 (Linux; Android 10; K) AppleWebKit/537.36 (KHTML, like Gecko) Chrome/141.0.0.0 Mobile Safari/537.36
[MOBILE-DEBUG:mobile-1761036990133-u8eyneqdqyp] [2025-10-22T19:49:53.044Z] [INFO] [DynamicConfig] Available wallet connectors {
  "connectorNames": [
    "vD",
    "vB",
    "AZ",
    "PO",
    "Function",
    "vq",
    "Function"
  ],
  "connectorCount": 7
}
[MOBILE-DEBUG:mobile-1761036990133-u8eyneqdqyp] [2025-10-22T19:49:53.044Z] [DATA] {
  "connectorNames": [
    "vD",
    "vB",
    "AZ",
    "PO",
    "Function",
    "vq",
    "Function"
  ],
  "connectorCount": 7
}
[MOBILE-DEBUG:mobile-1761036990133-u8eyneqdqyp] [2025-10-22T19:49:53.044Z] [CONTEXT] URL: https://test.conduit-ucpi.com/, UserAgent: Mozilla/5.0 (Linux; Android 10; K) AppleWebKit/537.36 (KHTML, like Gecko) Chrome/141.0.0.0 Mobile Safari/537.36
[MOBILE-DEBUG:mobile-1761036990133-u8eyneqdqyp] [2025-10-22T19:49:53.044Z] [INFO] [DynamicWrapper] Initializing provider stack: WagmiProvider -> DynamicContextProvider -> DynamicWagmiConnector {
  "environmentId": "ac6e291d-c...",
  "chainId": 8453
}
[MOBILE-DEBUG:mobile-1761036990133-u8eyneqdqyp] [2025-10-22T19:49:53.044Z] [DATA] {
  "environmentId": "ac6e291d-c...",
  "chainId": 8453
}
[MOBILE-DEBUG:mobile-1761036990133-u8eyneqdqyp] [2025-10-22T19:49:53.044Z] [CONTEXT] URL: https://test.conduit-ucpi.com/, UserAgent: Mozilla/5.0 (Linux; Android 10; K) AppleWebKit/537.36 (KHTML, like Gecko) Chrome/141.0.0.0 Mobile Safari/537.36
[MOBILE-DEBUG:mobile-1761036990133-u8eyneqdqyp] [2025-10-22T19:49:53.104Z] [INFO] [DynamicBridge] Dynamic context properties {
  "hasSetShowAuthFlow": true,
  "hasPrimaryWallet": false,
  "hasUser": false,
  "hasHandleLogOut": true,
  "hasGetAuthToken": false,
  "contextKeys": [
    "accountSwitchState",
    "authMode",
    "awaitingSignatureState",
    "bridgeChains",
    "bridgeChainsToConnect",
    "getNameService",
    "handleLogOut",
    "handleUnlinkWallet",
    "loadingNetwork",
    "locale",
    "loginWithEmail",
    "multiWalletWidgetState",
    "network",
    "networkConfigurations",
    "primaryWallet",
    "qrcodeUri",
    "refetchProjectSettings",
    "removeWallet",
    "sdkHasLoaded",
    "selectedTabIndex",
    "sendWagmiSettings",
    "setAuthMode",
    "setLogInWithEmail",
    "setMultiWalletWidgetState",
    "setSelectedTabIndex",
    "setShowAuthFlow",
    "setShowBridgeWidget",
    "setShowDynamicUserProfile",
    "setShowQrcodeModal",
    "shadowDOMEnabled",
    "showAuthFlow",
    "showDynamicUserProfile",
    "showQrcodeModal",
    "user",
    "userWithMissingInfo"
  ]
}
[MOBILE-DEBUG:mobile-1761036990133-u8eyneqdqyp] [2025-10-22T19:49:53.104Z] [DATA] {
  "hasSetShowAuthFlow": true,
  "hasPrimaryWallet": false,
  "hasUser": false,
  "hasHandleLogOut": true,
  "hasGetAuthToken": false,
  "contextKeys": [
    "accountSwitchState",
    "authMode",
    "awaitingSignatureState",
    "bridgeChains",
    "bridgeChainsToConnect",
    "getNameService",
    "handleLogOut",
    "handleUnlinkWallet",
    "loadingNetwork",
    "locale",
    "loginWithEmail",
    "multiWalletWidgetState",
    "network",
    "networkConfigurations",
    "primaryWallet",
    "qrcodeUri",
    "refetchProjectSettings",
    "removeWallet",
    "sdkHasLoaded",
    "selectedTabIndex",
    "sendWagmiSettings",
    "setAuthMode",
    "setLogInWithEmail",
    "setMultiWalletWidgetState",
    "setSelectedTabIndex",
    "setShowAuthFlow",
    "setShowBridgeWidget",
    "setShowDynamicUserProfile",
    "setShowQrcodeModal",
    "shadowDOMEnabled",
    "showAuthFlow",
    "showDynamicUserProfile",
    "showQrcodeModal",
    "user",
    "userWithMissingInfo"
  ]
}
[MOBILE-DEBUG:mobile-1761036990133-u8eyneqdqyp] [2025-10-22T19:49:53.104Z] [CONTEXT] URL: https://test.conduit-ucpi.com/, UserAgent: Mozilla/5.0 (Linux; Android 10; K) AppleWebKit/537.36 (KHTML, like Gecko) Chrome/141.0.0.0 Mobile Safari/537.36
[MOBILE-DEBUG:mobile-1761036990133-u8eyneqdqyp] [2025-10-22T19:49:53.216Z] [DEBUG] [TokenManager] Loading token from storage {
  "hasToken": false,
  "storageSource": "sessionStorage",
  "isValid": false
}
[MOBILE-DEBUG:mobile-1761036990133-u8eyneqdqyp] [2025-10-22T19:49:53.216Z] [DATA] {
  "hasToken": false,
  "storageSource": "sessionStorage",
  "isValid": false
}
[MOBILE-DEBUG:mobile-1761036990133-u8eyneqdqyp] [2025-10-22T19:49:53.216Z] [CONTEXT] URL: https://test.conduit-ucpi.com/, UserAgent: Mozilla/5.0 (Linux; Android 10; K) AppleWebKit/537.36 (KHTML, like Gecko) Chrome/141.0.0.0 Mobile Safari/537.36
[MOBILE-DEBUG:mobile-1761036990133-u8eyneqdqyp] [2025-10-22T19:49:53.216Z] [DEBUG] [TokenManager] Loading token from storage {
  "hasToken": false,
  "storageSource": "sessionStorage",
  "isValid": false
}
[MOBILE-DEBUG:mobile-1761036990133-u8eyneqdqyp] [2025-10-22T19:49:53.216Z] [DATA] {
  "hasToken": false,
  "storageSource": "sessionStorage",
  "isValid": false
}
[MOBILE-DEBUG:mobile-1761036990133-u8eyneqdqyp] [2025-10-22T19:49:53.216Z] [CONTEXT] URL: https://test.conduit-ucpi.com/, UserAgent: Mozilla/5.0 (Linux; Android 10; K) AppleWebKit/537.36 (KHTML, like Gecko) Chrome/141.0.0.0 Mobile Safari/537.36
[MOBILE-DEBUG:mobile-1761036990133-u8eyneqdqyp] [2025-10-22T19:49:53.259Z] [INFO] [ConnectWalletEmbedded] OAuth redirect check in useEffect {
  "isOAuthRedirect": false,
  "isConnected": false,
  "address": null,
  "hasUser": false,
  "willTriggerAuth": false
}
[MOBILE-DEBUG:mobile-1761036990133-u8eyneqdqyp] [2025-10-22T19:49:53.259Z] [DATA] {
  "isOAuthRedirect": false,
  "isConnected": false,
  "address": null,
  "hasUser": false,
  "willTriggerAuth": false
}
[MOBILE-DEBUG:mobile-1761036990133-u8eyneqdqyp] [2025-10-22T19:49:53.259Z] [CONTEXT] URL: https://test.conduit-ucpi.com/, UserAgent: Mozilla/5.0 (Linux; Android 10; K) AppleWebKit/537.36 (KHTML, like Gecko) Chrome/141.0.0.0 Mobile Safari/537.36
[MOBILE-DEBUG:mobile-1761036990133-u8eyneqdqyp] [2025-10-22T19:49:53.262Z] [INFO] [ConnectWalletEmbedded] OAuth redirect check in useEffect {
  "isOAuthRedirect": false,
  "isConnected": false,
  "address": null,
  "hasUser": false,
  "willTriggerAuth": false
}
[MOBILE-DEBUG:mobile-1761036990133-u8eyneqdqyp] [2025-10-22T19:49:53.262Z] [DATA] {
  "isOAuthRedirect": false,
  "isConnected": false,
  "address": null,
  "hasUser": false,
  "willTriggerAuth": false
}
[MOBILE-DEBUG:mobile-1761036990133-u8eyneqdqyp] [2025-10-22T19:49:53.262Z] [CONTEXT] URL: https://test.conduit-ucpi.com/, UserAgent: Mozilla/5.0 (Linux; Android 10; K) AppleWebKit/537.36 (KHTML, like Gecko) Chrome/141.0.0.0 Mobile Safari/537.36
[MOBILE-DEBUG:mobile-1761036990133-u8eyneqdqyp] [2025-10-22T19:49:53.262Z] [INFO] [ProviderRegistry] Initializing providers 
[MOBILE-DEBUG:mobile-1761036990133-u8eyneqdqyp] [2025-10-22T19:49:53.262Z] [CONTEXT] URL: https://test.conduit-ucpi.com/, UserAgent: Mozilla/5.0 (Linux; Android 10; K) AppleWebKit/537.36 (KHTML, like Gecko) Chrome/141.0.0.0 Mobile Safari/537.36
[MOBILE-DEBUG:mobile-1761036990133-u8eyneqdqyp] [2025-10-22T19:49:53.262Z] [INFO] [ProviderRegistry] Dynamic environment ID found, registering Dynamic provider 
[MOBILE-DEBUG:mobile-1761036990133-u8eyneqdqyp] [2025-10-22T19:49:53.262Z] [CONTEXT] URL: https://test.conduit-ucpi.com/, UserAgent: Mozilla/5.0 (Linux; Android 10; K) AppleWebKit/537.36 (KHTML, like Gecko) Chrome/141.0.0.0 Mobile Safari/537.36
[MOBILE-DEBUG:mobile-1761036990133-u8eyneqdqyp] [2025-10-22T19:49:53.262Z] [INFO] [ProviderRegistry] Registering Dynamic provider 
[MOBILE-DEBUG:mobile-1761036990133-u8eyneqdqyp] [2025-10-22T19:49:53.262Z] [CONTEXT] URL: https://test.conduit-ucpi.com/, UserAgent: Mozilla/5.0 (Linux; Android 10; K) AppleWebKit/537.36 (KHTML, like Gecko) Chrome/141.0.0.0 Mobile Safari/537.36
[MOBILE-DEBUG:mobile-1761036990133-u8eyneqdqyp] [2025-10-22T19:49:53.272Z] [INFO] [DynamicProvider] Creating new singleton instance in constructor 
[MOBILE-DEBUG:mobile-1761036990133-u8eyneqdqyp] [2025-10-22T19:49:53.272Z] [CONTEXT] URL: https://test.conduit-ucpi.com/, UserAgent: Mozilla/5.0 (Linux; Android 10; K) AppleWebKit/537.36 (KHTML, like Gecko) Chrome/141.0.0.0 Mobile Safari/537.36
[MOBILE-DEBUG:mobile-1761036990133-u8eyneqdqyp] [2025-10-22T19:49:53.272Z] [INFO] [DynamicProvider] Initialize called 
[MOBILE-DEBUG:mobile-1761036990133-u8eyneqdqyp] [2025-10-22T19:49:53.272Z] [CONTEXT] URL: https://test.conduit-ucpi.com/, UserAgent: Mozilla/5.0 (Linux; Android 10; K) AppleWebKit/537.36 (KHTML, like Gecko) Chrome/141.0.0.0 Mobile Safari/537.36
[MOBILE-DEBUG:mobile-1761036990133-u8eyneqdqyp] [2025-10-22T19:49:53.272Z] [INFO] [ProviderRegistry] Registered Dynamic provider successfully 
[MOBILE-DEBUG:mobile-1761036990133-u8eyneqdqyp] [2025-10-22T19:49:53.272Z] [CONTEXT] URL: https://test.conduit-ucpi.com/, UserAgent: Mozilla/5.0 (Linux; Android 10; K) AppleWebKit/537.36 (KHTML, like Gecko) Chrome/141.0.0.0 Mobile Safari/537.36
[MOBILE-DEBUG:mobile-1761036990133-u8eyneqdqyp] [2025-10-22T19:49:53.272Z] [INFO] [ProviderRegistry] Dynamic provider registered successfully 
[MOBILE-DEBUG:mobile-1761036990133-u8eyneqdqyp] [2025-10-22T19:49:53.272Z] [CONTEXT] URL: https://test.conduit-ucpi.com/, UserAgent: Mozilla/5.0 (Linux; Android 10; K) AppleWebKit/537.36 (KHTML, like Gecko) Chrome/141.0.0.0 Mobile Safari/537.36
[MOBILE-DEBUG:mobile-1761036990133-u8eyneqdqyp] [2025-10-22T19:49:53.272Z] [INFO] [ProviderRegistry] ✅ Providers initialized {
  "providerCount": 1,
  "providerTypes": [
    "dynamic"
  ]
}
[MOBILE-DEBUG:mobile-1761036990133-u8eyneqdqyp] [2025-10-22T19:49:53.272Z] [DATA] {
  "providerCount": 1,
  "providerTypes": [
    "dynamic"
  ]
}
[MOBILE-DEBUG:mobile-1761036990133-u8eyneqdqyp] [2025-10-22T19:49:53.272Z] [CONTEXT] URL: https://test.conduit-ucpi.com/, UserAgent: Mozilla/5.0 (Linux; Android 10; K) AppleWebKit/537.36 (KHTML, like Gecko) Chrome/141.0.0.0 Mobile Safari/537.36
[MOBILE-DEBUG:mobile-1761036990133-u8eyneqdqyp] [2025-10-22T19:49:53.272Z] [INFO] [AuthManager] Starting restoreSession... 
[MOBILE-DEBUG:mobile-1761036990133-u8eyneqdqyp] [2025-10-22T19:49:53.272Z] [CONTEXT] URL: https://test.conduit-ucpi.com/, UserAgent: Mozilla/5.0 (Linux; Android 10; K) AppleWebKit/537.36 (KHTML, like Gecko) Chrome/141.0.0.0 Mobile Safari/537.36
[MOBILE-DEBUG:mobile-1761036990133-u8eyneqdqyp] [2025-10-22T19:49:53.272Z] [DEBUG] [AuthManager] Dynamic OAuth redirect check {
  "isDynamicOAuthRedirect": false,
  "urlParams": ""
}
[MOBILE-DEBUG:mobile-1761036990133-u8eyneqdqyp] [2025-10-22T19:49:53.272Z] [DATA] {
  "isDynamicOAuthRedirect": false,
  "urlParams": ""
}
[MOBILE-DEBUG:mobile-1761036990133-u8eyneqdqyp] [2025-10-22T19:49:53.272Z] [CONTEXT] URL: https://test.conduit-ucpi.com/, UserAgent: Mozilla/5.0 (Linux; Android 10; K) AppleWebKit/537.36 (KHTML, like Gecko) Chrome/141.0.0.0 Mobile Safari/537.36
[MOBILE-DEBUG:mobile-1761036990133-u8eyneqdqyp] [2025-10-22T19:49:53.272Z] [DEBUG] [AuthManager] Mobile check {
  "isMobile": true,
  "currentUrl": "https://test.conduit-ucpi.com/",
  "urlParams": ""
}
[MOBILE-DEBUG:mobile-1761036990133-u8eyneqdqyp] [2025-10-22T19:49:53.272Z] [DATA] {
  "isMobile": true,
  "currentUrl": "https://test.conduit-ucpi.com/",
  "urlParams": ""
}
[MOBILE-DEBUG:mobile-1761036990133-u8eyneqdqyp] [2025-10-22T19:49:53.272Z] [CONTEXT] URL: https://test.conduit-ucpi.com/, UserAgent: Mozilla/5.0 (Linux; Android 10; K) AppleWebKit/537.36 (KHTML, like Gecko) Chrome/141.0.0.0 Mobile Safari/537.36
[MOBILE-DEBUG:mobile-1761036990133-u8eyneqdqyp] [2025-10-22T19:49:53.273Z] [DEBUG] [AuthManager] Redirect params check {
  "hasRedirectParams": false,
  "urlParams": ""
}
[MOBILE-DEBUG:mobile-1761036990133-u8eyneqdqyp] [2025-10-22T19:49:53.273Z] [DATA] {
  "hasRedirectParams": false,
  "urlParams": ""
}
[MOBILE-DEBUG:mobile-1761036990133-u8eyneqdqyp] [2025-10-22T19:49:53.273Z] [CONTEXT] URL: https://test.conduit-ucpi.com/, UserAgent: Mozilla/5.0 (Linux; Android 10; K) AppleWebKit/537.36 (KHTML, like Gecko) Chrome/141.0.0.0 Mobile Safari/537.36
[MOBILE-DEBUG:mobile-1761036990133-u8eyneqdqyp] [2025-10-22T19:49:53.273Z] [DEBUG] [TokenManager] Getting token {
  "hasToken": false
}
[MOBILE-DEBUG:mobile-1761036990133-u8eyneqdqyp] [2025-10-22T19:49:53.273Z] [DATA] {
  "hasToken": false
}
[MOBILE-DEBUG:mobile-1761036990133-u8eyneqdqyp] [2025-10-22T19:49:53.273Z] [CONTEXT] URL: https://test.conduit-ucpi.com/, UserAgent: Mozilla/5.0 (Linux; Android 10; K) AppleWebKit/537.36 (KHTML, like Gecko) Chrome/141.0.0.0 Mobile Safari/537.36
[MOBILE-DEBUG:mobile-1761036990133-u8eyneqdqyp] [2025-10-22T19:49:53.273Z] [DEBUG] [TokenManager] Getting token {
  "hasToken": false
}
[MOBILE-DEBUG:mobile-1761036990133-u8eyneqdqyp] [2025-10-22T19:49:53.273Z] [DATA] {
  "hasToken": false
}
[MOBILE-DEBUG:mobile-1761036990133-u8eyneqdqyp] [2025-10-22T19:49:53.273Z] [CONTEXT] URL: https://test.conduit-ucpi.com/, UserAgent: Mozilla/5.0 (Linux; Android 10; K) AppleWebKit/537.36 (KHTML, like Gecko) Chrome/141.0.0.0 Mobile Safari/537.36
[MOBILE-DEBUG:mobile-1761036990133-u8eyneqdqyp] [2025-10-22T19:49:53.359Z] [INFO] [ConnectWalletEmbedded] OAuth redirect check in useEffect {
  "isOAuthRedirect": false,
  "isConnected": false,
  "address": null,
  "hasUser": false,
  "willTriggerAuth": false
}
[MOBILE-DEBUG:mobile-1761036990133-u8eyneqdqyp] [2025-10-22T19:49:53.359Z] [DATA] {
  "isOAuthRedirect": false,
  "isConnected": false,
  "address": null,
  "hasUser": false,
  "willTriggerAuth": false
}
[MOBILE-DEBUG:mobile-1761036990133-u8eyneqdqyp] [2025-10-22T19:49:53.359Z] [CONTEXT] URL: https://test.conduit-ucpi.com/, UserAgent: Mozilla/5.0 (Linux; Android 10; K) AppleWebKit/537.36 (KHTML, like Gecko) Chrome/141.0.0.0 Mobile Safari/537.36
[MOBILE-DEBUG:mobile-1761036990133-u8eyneqdqyp] [2025-10-22T19:49:53.362Z] [INFO] [ConnectWalletEmbedded] OAuth redirect check in useEffect {
  "isOAuthRedirect": false,
  "isConnected": false,
  "address": null,
  "hasUser": false,
  "willTriggerAuth": false
}
[MOBILE-DEBUG:mobile-1761036990133-u8eyneqdqyp] [2025-10-22T19:49:53.362Z] [DATA] {
  "isOAuthRedirect": false,
  "isConnected": false,
  "address": null,
  "hasUser": false,
  "willTriggerAuth": false
}
[MOBILE-DEBUG:mobile-1761036990133-u8eyneqdqyp] [2025-10-22T19:49:53.362Z] [CONTEXT] URL: https://test.conduit-ucpi.com/, UserAgent: Mozilla/5.0 (Linux; Android 10; K) AppleWebKit/537.36 (KHTML, like Gecko) Chrome/141.0.0.0 Mobile Safari/537.36
[MOBILE-DEBUG:mobile-1761036990133-u8eyneqdqyp] [2025-10-22T19:49:53.560Z] [INFO] [ConnectWalletEmbedded] OAuth redirect check in useEffect {
  "isOAuthRedirect": false,
  "isConnected": false,
  "address": null,
  "hasUser": false,
  "willTriggerAuth": false
}
[MOBILE-DEBUG:mobile-1761036990133-u8eyneqdqyp] [2025-10-22T19:49:53.560Z] [DATA] {
  "isOAuthRedirect": false,
  "isConnected": false,
  "address": null,
  "hasUser": false,
  "willTriggerAuth": false
}
[MOBILE-DEBUG:mobile-1761036990133-u8eyneqdqyp] [2025-10-22T19:49:53.560Z] [CONTEXT] URL: https://test.conduit-ucpi.com/, UserAgent: Mozilla/5.0 (Linux; Android 10; K) AppleWebKit/537.36 (KHTML, like Gecko) Chrome/141.0.0.0 Mobile Safari/537.36
[MOBILE-DEBUG:mobile-1761036990133-u8eyneqdqyp] [2025-10-22T19:49:53.562Z] [INFO] [ConnectWalletEmbedded] OAuth redirect check in useEffect {
  "isOAuthRedirect": false,
  "isConnected": false,
  "address": null,
  "hasUser": false,
  "willTriggerAuth": false
}
[MOBILE-DEBUG:mobile-1761036990133-u8eyneqdqyp] [2025-10-22T19:49:53.562Z] [DATA] {
  "isOAuthRedirect": false,
  "isConnected": false,
  "address": null,
  "hasUser": false,
  "willTriggerAuth": false
}
[MOBILE-DEBUG:mobile-1761036990133-u8eyneqdqyp] [2025-10-22T19:49:53.562Z] [CONTEXT] URL: https://test.conduit-ucpi.com/, UserAgent: Mozilla/5.0 (Linux; Android 10; K) AppleWebKit/537.36 (KHTML, like Gecko) Chrome/141.0.0.0 Mobile Safari/537.36
[MOBILE-DEBUG:mobile-1761036990133-u8eyneqdqyp] [2025-10-22T19:49:53.759Z] [INFO] [ConnectWalletEmbedded] OAuth redirect check in useEffect {
  "isOAuthRedirect": false,
  "isConnected": false,
  "address": null,
  "hasUser": false,
  "willTriggerAuth": false
}
[MOBILE-DEBUG:mobile-1761036990133-u8eyneqdqyp] [2025-10-22T19:49:53.759Z] [DATA] {
  "isOAuthRedirect": false,
  "isConnected": false,
  "address": null,
  "hasUser": false,
  "willTriggerAuth": false
}
[MOBILE-DEBUG:mobile-1761036990133-u8eyneqdqyp] [2025-10-22T19:49:53.759Z] [CONTEXT] URL: https://test.conduit-ucpi.com/, UserAgent: Mozilla/5.0 (Linux; Android 10; K) AppleWebKit/537.36 (KHTML, like Gecko) Chrome/141.0.0.0 Mobile Safari/537.36
[MOBILE-DEBUG:mobile-1761036990133-u8eyneqdqyp] [2025-10-22T19:49:53.762Z] [INFO] [ConnectWalletEmbedded] OAuth redirect check in useEffect {
  "isOAuthRedirect": false,
  "isConnected": false,
  "address": null,
  "hasUser": false,
  "willTriggerAuth": false
}
[MOBILE-DEBUG:mobile-1761036990133-u8eyneqdqyp] [2025-10-22T19:49:53.762Z] [DATA] {
  "isOAuthRedirect": false,
  "isConnected": false,
  "address": null,
  "hasUser": false,
  "willTriggerAuth": false
}
[MOBILE-DEBUG:mobile-1761036990133-u8eyneqdqyp] [2025-10-22T19:49:53.762Z] [CONTEXT] URL: https://test.conduit-ucpi.com/, UserAgent: Mozilla/5.0 (Linux; Android 10; K) AppleWebKit/537.36 (KHTML, like Gecko) Chrome/141.0.0.0 Mobile Safari/537.36
[MOBILE-DEBUG:mobile-1761036990133-u8eyneqdqyp] [2025-10-22T19:49:54.279Z] [INFO] [ConnectWalletEmbedded] OAuth redirect check in useEffect {
  "isOAuthRedirect": false,
  "isConnected": false,
  "address": null,
  "hasUser": false,
  "willTriggerAuth": false
}
[MOBILE-DEBUG:mobile-1761036990133-u8eyneqdqyp] [2025-10-22T19:49:54.279Z] [DATA] {
  "isOAuthRedirect": false,
  "isConnected": false,
  "address": null,
  "hasUser": false,
  "willTriggerAuth": false
}
[MOBILE-DEBUG:mobile-1761036990133-u8eyneqdqyp] [2025-10-22T19:49:54.279Z] [CONTEXT] URL: https://test.conduit-ucpi.com/, UserAgent: Mozilla/5.0 (Linux; Android 10; K) AppleWebKit/537.36 (KHTML, like Gecko) Chrome/141.0.0.0 Mobile Safari/537.36
[MOBILE-DEBUG:mobile-1761036990133-u8eyneqdqyp] [2025-10-22T19:49:54.280Z] [INFO] [ConnectWalletEmbedded] OAuth redirect check in useEffect {
  "isOAuthRedirect": false,
  "isConnected": false,
  "address": null,
  "hasUser": false,
  "willTriggerAuth": false
}
[MOBILE-DEBUG:mobile-1761036990133-u8eyneqdqyp] [2025-10-22T19:49:54.280Z] [DATA] {
  "isOAuthRedirect": false,
  "isConnected": false,
  "address": null,
  "hasUser": false,
  "willTriggerAuth": false
}
[MOBILE-DEBUG:mobile-1761036990133-u8eyneqdqyp] [2025-10-22T19:49:54.280Z] [CONTEXT] URL: https://test.conduit-ucpi.com/, UserAgent: Mozilla/5.0 (Linux; Android 10; K) AppleWebKit/537.36 (KHTML, like Gecko) Chrome/141.0.0.0 Mobile Safari/537.36
[MOBILE-DEBUG:mobile-1761036990133-u8eyneqdqyp] [2025-10-22T19:49:54.414Z] [INFO] [DynamicBridge] Dynamic context properties {
  "hasSetShowAuthFlow": true,
  "hasPrimaryWallet": true,
  "hasUser": false,
  "hasHandleLogOut": true,
  "hasGetAuthToken": false,
  "contextKeys": [
    "accountSwitchState",
    "authMode",
    "awaitingSignatureState",
    "bridgeChains",
    "bridgeChainsToConnect",
    "getNameService",
    "handleLogOut",
    "handleUnlinkWallet",
    "loadingNetwork",
    "locale",
    "loginWithEmail",
    "multiWalletWidgetState",
    "network",
    "networkConfigurations",
    "primaryWallet",
    "qrcodeUri",
    "refetchProjectSettings",
    "removeWallet",
    "sdkHasLoaded",
    "selectedTabIndex",
    "sendWagmiSettings",
    "setAuthMode",
    "setLogInWithEmail",
    "setMultiWalletWidgetState",
    "setSelectedTabIndex",
    "setShowAuthFlow",
    "setShowBridgeWidget",
    "setShowDynamicUserProfile",
    "setShowQrcodeModal",
    "shadowDOMEnabled",
    "showAuthFlow",
    "showDynamicUserProfile",
    "showQrcodeModal",
    "user",
    "userWithMissingInfo"
  ]
}
[MOBILE-DEBUG:mobile-1761036990133-u8eyneqdqyp] [2025-10-22T19:49:54.414Z] [DATA] {
  "hasSetShowAuthFlow": true,
  "hasPrimaryWallet": true,
  "hasUser": false,
  "hasHandleLogOut": true,
  "hasGetAuthToken": false,
  "contextKeys": [
    "accountSwitchState",
    "authMode",
    "awaitingSignatureState",
    "bridgeChains",
    "bridgeChainsToConnect",
    "getNameService",
    "handleLogOut",
    "handleUnlinkWallet",
    "loadingNetwork",
    "locale",
    "loginWithEmail",
    "multiWalletWidgetState",
    "network",
    "networkConfigurations",
    "primaryWallet",
    "qrcodeUri",
    "refetchProjectSettings",
    "removeWallet",
    "sdkHasLoaded",
    "selectedTabIndex",
    "sendWagmiSettings",
    "setAuthMode",
    "setLogInWithEmail",
    "setMultiWalletWidgetState",
    "setSelectedTabIndex",
    "setShowAuthFlow",
    "setShowBridgeWidget",
    "setShowDynamicUserProfile",
    "setShowQrcodeModal",
    "shadowDOMEnabled",
    "showAuthFlow",
    "showDynamicUserProfile",
    "showQrcodeModal",
    "user",
    "userWithMissingInfo"
  ]
}
[MOBILE-DEBUG:mobile-1761036990133-u8eyneqdqyp] [2025-10-22T19:49:54.414Z] [CONTEXT] URL: https://test.conduit-ucpi.com/, UserAgent: Mozilla/5.0 (Linux; Android 10; K) AppleWebKit/537.36 (KHTML, like Gecko) Chrome/141.0.0.0 Mobile Safari/537.36
[MOBILE-DEBUG:mobile-1761036990133-u8eyneqdqyp] [2025-10-22T19:49:54.414Z] [INFO] [DynamicBridge] primaryWalletChanged event received {
  "wallet": true,
  "address": "0xc9D0602A87E55116F633b1A1F95D083Eb115f942",
  "walletKey": "metamask",
  "hasActivePromise": false
}
[MOBILE-DEBUG:mobile-1761036990133-u8eyneqdqyp] [2025-10-22T19:49:54.414Z] [DATA] {
  "wallet": true,
  "address": "0xc9D0602A87E55116F633b1A1F95D083Eb115f942",
  "walletKey": "metamask",
  "hasActivePromise": false
}
[MOBILE-DEBUG:mobile-1761036990133-u8eyneqdqyp] [2025-10-22T19:49:54.414Z] [CONTEXT] URL: https://test.conduit-ucpi.com/, UserAgent: Mozilla/5.0 (Linux; Android 10; K) AppleWebKit/537.36 (KHTML, like Gecko) Chrome/141.0.0.0 Mobile Safari/537.36
[MOBILE-DEBUG:mobile-1761036990133-u8eyneqdqyp] [2025-10-22T19:49:54.414Z] [WARN] [DynamicBridge] primaryWalletChanged fired but no active promise to resolve 
[MOBILE-DEBUG:mobile-1761036990133-u8eyneqdqyp] [2025-10-22T19:49:54.414Z] [CONTEXT] URL: https://test.conduit-ucpi.com/, UserAgent: Mozilla/5.0 (Linux; Android 10; K) AppleWebKit/537.36 (KHTML, like Gecko) Chrome/141.0.0.0 Mobile Safari/537.36
[MOBILE-DEBUG:mobile-1761036990133-u8eyneqdqyp] Received 36 log entries
