   ▲ Next.js 14.0.3
   - Local:        http://localhost:3000
   - Network:      http://0.0.0.0:3000

 ✓ Ready in 163ms
Environment variables check:
NEXT_PUBLIC_BASE_PATH: null
WEB3AUTH_CLIENT_ID: Present
CHAIN_ID: 8453
RPC_URL: https://rpc.ankr.com/base/ece739aa8645bab439684917a8b43160d6dd77699386bb20d502cb1266410c1e
RPC_URL raw bytes: [
  104, 116, 116, 112, 115,  58,  47,  47, 114, 112,  99,  46,
   97, 110, 107, 114,  46,  99, 111, 109,  47,  98,  97, 115,
  101,  47, 101,  99, 101,  55,  51,  57,  97,  97,  56,  54,
   52,  53,  98,  97,  98,  52,  51,  57,  54,  56,  52,  57,
   49,  55,  97,  56,  98,  52,  51,  49,  54,  48, 100,  54,
  100, 100,  55,  55,  54,  57,  57,  51,  56,  54,  98,  98,
   50,  48, 100,  53,  48,  50,  99,  98,  49,  50,  54,  54,
   52,  49,  48,  99,  49, 101
]
RPC_URL trimmed: https://rpc.ankr.com/base/ece739aa8645bab439684917a8b43160d6dd77699386bb20d502cb1266410c1e
RPC_URL trimmed bytes: [
  104, 116, 116, 112, 115,  58,  47,  47, 114, 112,  99,  46,
   97, 110, 107, 114,  46,  99, 111, 109,  47,  98,  97, 115,
  101,  47, 101,  99, 101,  55,  51,  57,  97,  97,  56,  54,
   52,  53,  98,  97,  98,  52,  51,  57,  54,  56,  52,  57,
   49,  55,  97,  56,  98,  52,  51,  49,  54,  48, 100,  54,
  100, 100,  55,  55,  54,  57,  57,  51,  56,  54,  98,  98,
   50,  48, 100,  53,  48,  50,  99,  98,  49,  50,  54,  54,
   52,  49,  48,  99,  49, 101
]
USDC_CONTRACT_ADDRESS: 0x833589fCD6eDb6E08f4c7C32D4f71b54bdA02913
MOONPAY_API_KEY: Missing
MIN_GAS_WEI: 5
MAX_GAS_PRICE_GWEI: 0.03
MAX_GAS_COST_GWEI: 14800
USDC_GRANT_FOUNDRY_GAS: 65000
DEPOSIT_FUNDS_FOUNDRY_GAS: 86500
GAS_PRICE_BUFFER: 1.2
EXPLORER_BASE_URL: https://base.blockscout.com
SERVICE_LINK: https://test.conduit-ucpi.com
CONTRACT_ADDRESS: 0x6E7C0505eeEB4eD8E96CfDE13C306c3870690280
WALLETCONNECT_PROJECT_ID: Present
DYNAMIC_ENVIRONMENT_ID: Present
Config being sent: {
  web3AuthClientId: 'BPDapDap0_WU7NXzbzcEQT6Hc2MDceD2zPnuYCRKBZOz5BJOPkgO0gjajNwBhBYNaJEOd7DBKjtnSyLUY6dSMR4',
  web3AuthNetwork: 'sapphire_mainnet',
  dynamicEnvironmentId: 'ac6e291d-cf43-4e6a-9d1d-b213fb345b61',
  chainId: 8453,
  rpcUrl: 'https://rpc.ankr.com/base/ece739aa8645bab439684917a8b43160d6dd77699386bb20d502cb1266410c1e',
  usdcContractAddress: '0x833589fCD6eDb6E08f4c7C32D4f71b54bdA02913',
  contractAddress: '0x6E7C0505eeEB4eD8E96CfDE13C306c3870690280',
  contractFactoryAddress: '0x55d94B1A2f5dd520b2Ea3Fe13DcaD96a33A60b34',
  userServiceUrl: 'http://userservice-prod:8977',
  chainServiceUrl: 'http://chainservice-prod:8978',
  contractServiceUrl: 'http://contractservice-prod:8080',
  moonPayApiKey: '',
  minGasWei: '5',
  maxGasPriceGwei: '0.03',
  maxGasCostGwei: '14800',
  usdcGrantFoundryGas: '65000',
  depositFundsFoundryGas: '86500',
  gasPriceBuffer: '1.2',
  basePath: '',
  explorerBaseUrl: 'https://base.blockscout.com',
  serviceLink: 'https://test.conduit-ucpi.com',
  neynarApiKey: 'C0C78521-33DC-426E-AF4F-9D7A191B90A1',
  walletConnectProjectId: '79363b85e333179e8dffa5da8e3c776a',
  walletServicesShowWidget: undefined,
  walletServicesButtonPosition: undefined,
  walletServicesEnableKeyExport: undefined,
  walletServicesHideTopup: undefined,
  gitTag: 'farcaster-test-v40.1.3',
  gitSha: '42efc27',
  buildVersion: 'unknown'
}
Environment variables check:
NEXT_PUBLIC_BASE_PATH: null
WEB3AUTH_CLIENT_ID: Present
CHAIN_ID: 8453
RPC_URL: https://rpc.ankr.com/base/ece739aa8645bab439684917a8b43160d6dd77699386bb20d502cb1266410c1e
RPC_URL raw bytes: [
  104, 116, 116, 112, 115,  58,  47,  47, 114, 112,  99,  46,
   97, 110, 107, 114,  46,  99, 111, 109,  47,  98,  97, 115,
  101,  47, 101,  99, 101,  55,  51,  57,  97,  97,  56,  54,
   52,  53,  98,  97,  98,  52,  51,  57,  54,  56,  52,  57,
   49,  55,  97,  56,  98,  52,  51,  49,  54,  48, 100,  54,
  100, 100,  55,  55,  54,  57,  57,  51,  56,  54,  98,  98,
   50,  48, 100,  53,  48,  50,  99,  98,  49,  50,  54,  54,
   52,  49,  48,  99,  49, 101
]
RPC_URL trimmed: https://rpc.ankr.com/base/ece739aa8645bab439684917a8b43160d6dd77699386bb20d502cb1266410c1e
RPC_URL trimmed bytes: [
  104, 116, 116, 112, 115,  58,  47,  47, 114, 112,  99,  46,
   97, 110, 107, 114,  46,  99, 111, 109,  47,  98,  97, 115,
  101,  47, 101,  99, 101,  55,  51,  57,  97,  97,  56,  54,
   52,  53,  98,  97,  98,  52,  51,  57,  54,  56,  52,  57,
   49,  55,  97,  56,  98,  52,  51,  49,  54,  48, 100,  54,
  100, 100,  55,  55,  54,  57,  57,  51,  56,  54,  98,  98,
   50,  48, 100,  53,  48,  50,  99,  98,  49,  50,  54,  54,
   52,  49,  48,  99,  49, 101
]
USDC_CONTRACT_ADDRESS: 0x833589fCD6eDb6E08f4c7C32D4f71b54bdA02913
MOONPAY_API_KEY: Missing
MIN_GAS_WEI: 5
MAX_GAS_PRICE_GWEI: 0.03
MAX_GAS_COST_GWEI: 14800
USDC_GRANT_FOUNDRY_GAS: 65000
DEPOSIT_FUNDS_FOUNDRY_GAS: 86500
GAS_PRICE_BUFFER: 1.2
EXPLORER_BASE_URL: https://base.blockscout.com
SERVICE_LINK: https://test.conduit-ucpi.com
CONTRACT_ADDRESS: 0x6E7C0505eeEB4eD8E96CfDE13C306c3870690280
WALLETCONNECT_PROJECT_ID: Present
DYNAMIC_ENVIRONMENT_ID: Present
Config being sent: {
  web3AuthClientId: 'BPDapDap0_WU7NXzbzcEQT6Hc2MDceD2zPnuYCRKBZOz5BJOPkgO0gjajNwBhBYNaJEOd7DBKjtnSyLUY6dSMR4',
  web3AuthNetwork: 'sapphire_mainnet',
  dynamicEnvironmentId: 'ac6e291d-cf43-4e6a-9d1d-b213fb345b61',
  chainId: 8453,
  rpcUrl: 'https://rpc.ankr.com/base/ece739aa8645bab439684917a8b43160d6dd77699386bb20d502cb1266410c1e',
  usdcContractAddress: '0x833589fCD6eDb6E08f4c7C32D4f71b54bdA02913',
  contractAddress: '0x6E7C0505eeEB4eD8E96CfDE13C306c3870690280',
  contractFactoryAddress: '0x55d94B1A2f5dd520b2Ea3Fe13DcaD96a33A60b34',
  userServiceUrl: 'http://userservice-prod:8977',
  chainServiceUrl: 'http://chainservice-prod:8978',
  contractServiceUrl: 'http://contractservice-prod:8080',
  moonPayApiKey: '',
  minGasWei: '5',
  maxGasPriceGwei: '0.03',
  maxGasCostGwei: '14800',
  usdcGrantFoundryGas: '65000',
  depositFundsFoundryGas: '86500',
  gasPriceBuffer: '1.2',
  basePath: '',
  explorerBaseUrl: 'https://base.blockscout.com',
  serviceLink: 'https://test.conduit-ucpi.com',
  neynarApiKey: 'C0C78521-33DC-426E-AF4F-9D7A191B90A1',
  walletConnectProjectId: '79363b85e333179e8dffa5da8e3c776a',
  walletServicesShowWidget: undefined,
  walletServicesButtonPosition: undefined,
  walletServicesEnableKeyExport: undefined,
  walletServicesHideTopup: undefined,
  gitTag: 'farcaster-test-v40.1.3',
  gitSha: '42efc27',
  buildVersion: 'unknown'
}
[MOBILE-DEBUG:mobile-1761036990133-u8eyneqdqyp] [2025-10-30T21:50:47.907Z] [INFO] [DynamicWrapper] Creating wagmi configuration {
  "chainId": 8453,
  "chainName": "Base"
}
[MOBILE-DEBUG:mobile-1761036990133-u8eyneqdqyp] [2025-10-30T21:50:47.907Z] [DATA] {
  "chainId": 8453,
  "chainName": "Base"
}
[MOBILE-DEBUG:mobile-1761036990133-u8eyneqdqyp] [2025-10-30T21:50:47.907Z] [CONTEXT] URL: https://test.conduit-ucpi.com/, UserAgent: Mozilla/5.0 (Linux; Android 10; K) AppleWebKit/537.36 (KHTML, like Gecko) Chrome/141.0.0.0 Mobile Safari/537.36
[MOBILE-DEBUG:mobile-1761036990133-u8eyneqdqyp] [2025-10-30T21:50:47.911Z] [INFO] [DynamicWrapper] Creating Dynamic settings with WagmiProvider + DynamicWagmiConnector {
  "environmentId": "ac6e291d-c...",
  "chainId": 8453
}
[MOBILE-DEBUG:mobile-1761036990133-u8eyneqdqyp] [2025-10-30T21:50:47.911Z] [DATA] {
  "environmentId": "ac6e291d-c...",
  "chainId": 8453
}
[MOBILE-DEBUG:mobile-1761036990133-u8eyneqdqyp] [2025-10-30T21:50:47.911Z] [CONTEXT] URL: https://test.conduit-ucpi.com/, UserAgent: Mozilla/5.0 (Linux; Android 10; K) AppleWebKit/537.36 (KHTML, like Gecko) Chrome/141.0.0.0 Mobile Safari/537.36
[MOBILE-DEBUG:mobile-1761036990133-u8eyneqdqyp] [2025-10-30T21:50:47.911Z] [INFO] [DynamicConfig] Creating Dynamic configuration 
[MOBILE-DEBUG:mobile-1761036990133-u8eyneqdqyp] [2025-10-30T21:50:47.911Z] [CONTEXT] URL: https://test.conduit-ucpi.com/, UserAgent: Mozilla/5.0 (Linux; Android 10; K) AppleWebKit/537.36 (KHTML, like Gecko) Chrome/141.0.0.0 Mobile Safari/537.36
[MOBILE-DEBUG:mobile-1761036990133-u8eyneqdqyp] [2025-10-30T21:50:47.911Z] [INFO] [DynamicConfig] Dynamic settings created {
  "environmentId": "ac6e291d-c...",
  "chainId": 8453,
  "networkName": "Base Mainnet",
  "hasWalletConnectors": true,
  "connectorCount": 1
}
[MOBILE-DEBUG:mobile-1761036990133-u8eyneqdqyp] [2025-10-30T21:50:47.911Z] [DATA] {
  "environmentId": "ac6e291d-c...",
  "chainId": 8453,
  "networkName": "Base Mainnet",
  "hasWalletConnectors": true,
  "connectorCount": 1
}
[MOBILE-DEBUG:mobile-1761036990133-u8eyneqdqyp] [2025-10-30T21:50:47.911Z] [CONTEXT] URL: https://test.conduit-ucpi.com/, UserAgent: Mozilla/5.0 (Linux; Android 10; K) AppleWebKit/537.36 (KHTML, like Gecko) Chrome/141.0.0.0 Mobile Safari/537.36
[MOBILE-DEBUG:mobile-1761036990133-u8eyneqdqyp] [2025-10-30T21:50:47.912Z] [INFO] [DynamicConfig] Available wallet connectors {
  "connectorNames": [
    "vD",
    "vB",
    "AZ",
    "PO",
    "Function",
    "vq",
    "Function"
  ],
  "connectorCount": 7
}
[MOBILE-DEBUG:mobile-1761036990133-u8eyneqdqyp] [2025-10-30T21:50:47.912Z] [DATA] {
  "connectorNames": [
    "vD",
    "vB",
    "AZ",
    "PO",
    "Function",
    "vq",
    "Function"
  ],
  "connectorCount": 7
}
[MOBILE-DEBUG:mobile-1761036990133-u8eyneqdqyp] [2025-10-30T21:50:47.912Z] [CONTEXT] URL: https://test.conduit-ucpi.com/, UserAgent: Mozilla/5.0 (Linux; Android 10; K) AppleWebKit/537.36 (KHTML, like Gecko) Chrome/141.0.0.0 Mobile Safari/537.36
[MOBILE-DEBUG:mobile-1761036990133-u8eyneqdqyp] [2025-10-30T21:50:47.912Z] [INFO] [DynamicWrapper] Initializing provider stack: WagmiProvider -> DynamicContextProvider -> DynamicWagmiConnector {
  "environmentId": "ac6e291d-c...",
  "chainId": 8453
}
[MOBILE-DEBUG:mobile-1761036990133-u8eyneqdqyp] [2025-10-30T21:50:47.912Z] [DATA] {
  "environmentId": "ac6e291d-c...",
  "chainId": 8453
}
[MOBILE-DEBUG:mobile-1761036990133-u8eyneqdqyp] [2025-10-30T21:50:47.912Z] [CONTEXT] URL: https://test.conduit-ucpi.com/, UserAgent: Mozilla/5.0 (Linux; Android 10; K) AppleWebKit/537.36 (KHTML, like Gecko) Chrome/141.0.0.0 Mobile Safari/537.36
[MOBILE-DEBUG:mobile-1761036990133-u8eyneqdqyp] [2025-10-30T21:50:47.958Z] [INFO] [DynamicBridge] Dynamic context properties {
  "hasSetShowAuthFlow": true,
  "hasPrimaryWallet": false,
  "hasUser": false,
  "hasHandleLogOut": true,
  "hasGetAuthToken": false,
  "contextKeys": [
    "accountSwitchState",
    "authMode",
    "awaitingSignatureState",
    "bridgeChains",
    "bridgeChainsToConnect",
    "getNameService",
    "handleLogOut",
    "handleUnlinkWallet",
    "loadingNetwork",
    "locale",
    "loginWithEmail",
    "multiWalletWidgetState",
    "network",
    "networkConfigurations",
    "primaryWallet",
    "qrcodeUri",
    "refetchProjectSettings",
    "removeWallet",
    "sdkHasLoaded",
    "selectedTabIndex",
    "sendWagmiSettings",
    "setAuthMode",
    "setLogInWithEmail",
    "setMultiWalletWidgetState",
    "setSelectedTabIndex",
    "setShowAuthFlow",
    "setShowBridgeWidget",
    "setShowDynamicUserProfile",
    "setShowQrcodeModal",
    "shadowDOMEnabled",
    "showAuthFlow",
    "showDynamicUserProfile",
    "showQrcodeModal",
    "user",
    "userWithMissingInfo"
  ]
}
[MOBILE-DEBUG:mobile-1761036990133-u8eyneqdqyp] [2025-10-30T21:50:47.958Z] [DATA] {
  "hasSetShowAuthFlow": true,
  "hasPrimaryWallet": false,
  "hasUser": false,
  "hasHandleLogOut": true,
  "hasGetAuthToken": false,
  "contextKeys": [
    "accountSwitchState",
    "authMode",
    "awaitingSignatureState",
    "bridgeChains",
    "bridgeChainsToConnect",
    "getNameService",
    "handleLogOut",
    "handleUnlinkWallet",
    "loadingNetwork",
    "locale",
    "loginWithEmail",
    "multiWalletWidgetState",
    "network",
    "networkConfigurations",
    "primaryWallet",
    "qrcodeUri",
    "refetchProjectSettings",
    "removeWallet",
    "sdkHasLoaded",
    "selectedTabIndex",
    "sendWagmiSettings",
    "setAuthMode",
    "setLogInWithEmail",
    "setMultiWalletWidgetState",
    "setSelectedTabIndex",
    "setShowAuthFlow",
    "setShowBridgeWidget",
    "setShowDynamicUserProfile",
    "setShowQrcodeModal",
    "shadowDOMEnabled",
    "showAuthFlow",
    "showDynamicUserProfile",
    "showQrcodeModal",
    "user",
    "userWithMissingInfo"
  ]
}
[MOBILE-DEBUG:mobile-1761036990133-u8eyneqdqyp] [2025-10-30T21:50:47.958Z] [CONTEXT] URL: https://test.conduit-ucpi.com/, UserAgent: Mozilla/5.0 (Linux; Android 10; K) AppleWebKit/537.36 (KHTML, like Gecko) Chrome/141.0.0.0 Mobile Safari/537.36
[MOBILE-DEBUG:mobile-1761036990133-u8eyneqdqyp] [2025-10-30T21:50:47.958Z] [INFO] [DynamicBridge] Clearing window.dynamicUser - no user available 
[MOBILE-DEBUG:mobile-1761036990133-u8eyneqdqyp] [2025-10-30T21:50:47.958Z] [CONTEXT] URL: https://test.conduit-ucpi.com/, UserAgent: Mozilla/5.0 (Linux; Android 10; K) AppleWebKit/537.36 (KHTML, like Gecko) Chrome/141.0.0.0 Mobile Safari/537.36
[MOBILE-DEBUG:mobile-1761036990133-u8eyneqdqyp] [2025-10-30T21:50:48.012Z] [DEBUG] [TokenManager] Loading token from storage {
  "hasToken": false,
  "storageSource": "sessionStorage",
  "isValid": false
}
[MOBILE-DEBUG:mobile-1761036990133-u8eyneqdqyp] [2025-10-30T21:50:48.012Z] [DATA] {
  "hasToken": false,
  "storageSource": "sessionStorage",
  "isValid": false
}
[MOBILE-DEBUG:mobile-1761036990133-u8eyneqdqyp] [2025-10-30T21:50:48.012Z] [CONTEXT] URL: https://test.conduit-ucpi.com/, UserAgent: Mozilla/5.0 (Linux; Android 10; K) AppleWebKit/537.36 (KHTML, like Gecko) Chrome/141.0.0.0 Mobile Safari/537.36
[MOBILE-DEBUG:mobile-1761036990133-u8eyneqdqyp] [2025-10-30T21:50:48.012Z] [DEBUG] [TokenManager] Loading token from storage {
  "hasToken": false,
  "storageSource": "sessionStorage",
  "isValid": false
}
[MOBILE-DEBUG:mobile-1761036990133-u8eyneqdqyp] [2025-10-30T21:50:48.012Z] [DATA] {
  "hasToken": false,
  "storageSource": "sessionStorage",
  "isValid": false
}
[MOBILE-DEBUG:mobile-1761036990133-u8eyneqdqyp] [2025-10-30T21:50:48.012Z] [CONTEXT] URL: https://test.conduit-ucpi.com/, UserAgent: Mozilla/5.0 (Linux; Android 10; K) AppleWebKit/537.36 (KHTML, like Gecko) Chrome/141.0.0.0 Mobile Safari/537.36
[MOBILE-DEBUG:mobile-1761036990133-u8eyneqdqyp] [2025-10-30T21:50:48.029Z] [INFO] [ConnectWalletEmbedded] OAuth redirect check in useEffect {
  "isOAuthRedirect": false,
  "isConnected": false,
  "address": null,
  "hasUser": false,
  "willTriggerAuth": false
}
[MOBILE-DEBUG:mobile-1761036990133-u8eyneqdqyp] [2025-10-30T21:50:48.029Z] [DATA] {
  "isOAuthRedirect": false,
  "isConnected": false,
  "address": null,
  "hasUser": false,
  "willTriggerAuth": false
}
[MOBILE-DEBUG:mobile-1761036990133-u8eyneqdqyp] [2025-10-30T21:50:48.029Z] [CONTEXT] URL: https://test.conduit-ucpi.com/, UserAgent: Mozilla/5.0 (Linux; Android 10; K) AppleWebKit/537.36 (KHTML, like Gecko) Chrome/141.0.0.0 Mobile Safari/537.36
[MOBILE-DEBUG:mobile-1761036990133-u8eyneqdqyp] [2025-10-30T21:50:48.031Z] [INFO] [ConnectWalletEmbedded] OAuth redirect check in useEffect {
  "isOAuthRedirect": false,
  "isConnected": false,
  "address": null,
  "hasUser": false,
  "willTriggerAuth": false
}
[MOBILE-DEBUG:mobile-1761036990133-u8eyneqdqyp] [2025-10-30T21:50:48.031Z] [DATA] {
  "isOAuthRedirect": false,
  "isConnected": false,
  "address": null,
  "hasUser": false,
  "willTriggerAuth": false
}
[MOBILE-DEBUG:mobile-1761036990133-u8eyneqdqyp] [2025-10-30T21:50:48.031Z] [CONTEXT] URL: https://test.conduit-ucpi.com/, UserAgent: Mozilla/5.0 (Linux; Android 10; K) AppleWebKit/537.36 (KHTML, like Gecko) Chrome/141.0.0.0 Mobile Safari/537.36
[MOBILE-DEBUG:mobile-1761036990133-u8eyneqdqyp] [2025-10-30T21:50:48.032Z] [INFO] [ProviderRegistry] Initializing providers 
[MOBILE-DEBUG:mobile-1761036990133-u8eyneqdqyp] [2025-10-30T21:50:48.032Z] [CONTEXT] URL: https://test.conduit-ucpi.com/, UserAgent: Mozilla/5.0 (Linux; Android 10; K) AppleWebKit/537.36 (KHTML, like Gecko) Chrome/141.0.0.0 Mobile Safari/537.36
[MOBILE-DEBUG:mobile-1761036990133-u8eyneqdqyp] [2025-10-30T21:50:48.032Z] [INFO] [ProviderRegistry] Dynamic environment ID found, registering Dynamic provider 
[MOBILE-DEBUG:mobile-1761036990133-u8eyneqdqyp] [2025-10-30T21:50:48.032Z] [CONTEXT] URL: https://test.conduit-ucpi.com/, UserAgent: Mozilla/5.0 (Linux; Android 10; K) AppleWebKit/537.36 (KHTML, like Gecko) Chrome/141.0.0.0 Mobile Safari/537.36
[MOBILE-DEBUG:mobile-1761036990133-u8eyneqdqyp] [2025-10-30T21:50:48.032Z] [INFO] [ProviderRegistry] Registering Dynamic provider 
[MOBILE-DEBUG:mobile-1761036990133-u8eyneqdqyp] [2025-10-30T21:50:48.032Z] [CONTEXT] URL: https://test.conduit-ucpi.com/, UserAgent: Mozilla/5.0 (Linux; Android 10; K) AppleWebKit/537.36 (KHTML, like Gecko) Chrome/141.0.0.0 Mobile Safari/537.36
[MOBILE-DEBUG:mobile-1761036990133-u8eyneqdqyp] [2025-10-30T21:50:48.039Z] [INFO] [DynamicProvider] Creating new singleton instance in constructor 
[MOBILE-DEBUG:mobile-1761036990133-u8eyneqdqyp] [2025-10-30T21:50:48.039Z] [CONTEXT] URL: https://test.conduit-ucpi.com/, UserAgent: Mozilla/5.0 (Linux; Android 10; K) AppleWebKit/537.36 (KHTML, like Gecko) Chrome/141.0.0.0 Mobile Safari/537.36
[MOBILE-DEBUG:mobile-1761036990133-u8eyneqdqyp] [2025-10-30T21:50:48.039Z] [INFO] [DynamicProvider] Initialize called 
[MOBILE-DEBUG:mobile-1761036990133-u8eyneqdqyp] [2025-10-30T21:50:48.039Z] [CONTEXT] URL: https://test.conduit-ucpi.com/, UserAgent: Mozilla/5.0 (Linux; Android 10; K) AppleWebKit/537.36 (KHTML, like Gecko) Chrome/141.0.0.0 Mobile Safari/537.36
[MOBILE-DEBUG:mobile-1761036990133-u8eyneqdqyp] [2025-10-30T21:50:48.039Z] [INFO] [ProviderRegistry] Registered Dynamic provider successfully 
[MOBILE-DEBUG:mobile-1761036990133-u8eyneqdqyp] [2025-10-30T21:50:48.039Z] [CONTEXT] URL: https://test.conduit-ucpi.com/, UserAgent: Mozilla/5.0 (Linux; Android 10; K) AppleWebKit/537.36 (KHTML, like Gecko) Chrome/141.0.0.0 Mobile Safari/537.36
[MOBILE-DEBUG:mobile-1761036990133-u8eyneqdqyp] [2025-10-30T21:50:48.039Z] [INFO] [ProviderRegistry] Dynamic provider registered successfully 
[MOBILE-DEBUG:mobile-1761036990133-u8eyneqdqyp] [2025-10-30T21:50:48.039Z] [CONTEXT] URL: https://test.conduit-ucpi.com/, UserAgent: Mozilla/5.0 (Linux; Android 10; K) AppleWebKit/537.36 (KHTML, like Gecko) Chrome/141.0.0.0 Mobile Safari/537.36
[MOBILE-DEBUG:mobile-1761036990133-u8eyneqdqyp] [2025-10-30T21:50:48.039Z] [INFO] [ProviderRegistry] ✅ Providers initialized {
  "providerCount": 1,
  "providerTypes": [
    "dynamic"
  ]
}
[MOBILE-DEBUG:mobile-1761036990133-u8eyneqdqyp] [2025-10-30T21:50:48.039Z] [DATA] {
  "providerCount": 1,
  "providerTypes": [
    "dynamic"
  ]
}
[MOBILE-DEBUG:mobile-1761036990133-u8eyneqdqyp] [2025-10-30T21:50:48.039Z] [CONTEXT] URL: https://test.conduit-ucpi.com/, UserAgent: Mozilla/5.0 (Linux; Android 10; K) AppleWebKit/537.36 (KHTML, like Gecko) Chrome/141.0.0.0 Mobile Safari/537.36
[MOBILE-DEBUG:mobile-1761036990133-u8eyneqdqyp] [2025-10-30T21:50:48.039Z] [INFO] [AuthManager] Starting restoreSession... 
[MOBILE-DEBUG:mobile-1761036990133-u8eyneqdqyp] [2025-10-30T21:50:48.039Z] [CONTEXT] URL: https://test.conduit-ucpi.com/, UserAgent: Mozilla/5.0 (Linux; Android 10; K) AppleWebKit/537.36 (KHTML, like Gecko) Chrome/141.0.0.0 Mobile Safari/537.36
[MOBILE-DEBUG:mobile-1761036990133-u8eyneqdqyp] [2025-10-30T21:50:48.039Z] [DEBUG] [AuthManager] Dynamic OAuth redirect check {
  "isDynamicOAuthRedirect": false,
  "urlParams": ""
}
[MOBILE-DEBUG:mobile-1761036990133-u8eyneqdqyp] [2025-10-30T21:50:48.039Z] [DATA] {
  "isDynamicOAuthRedirect": false,
  "urlParams": ""
}
[MOBILE-DEBUG:mobile-1761036990133-u8eyneqdqyp] [2025-10-30T21:50:48.039Z] [CONTEXT] URL: https://test.conduit-ucpi.com/, UserAgent: Mozilla/5.0 (Linux; Android 10; K) AppleWebKit/537.36 (KHTML, like Gecko) Chrome/141.0.0.0 Mobile Safari/537.36
[MOBILE-DEBUG:mobile-1761036990133-u8eyneqdqyp] [2025-10-30T21:50:48.039Z] [DEBUG] [AuthManager] Mobile check {
  "isMobile": true,
  "currentUrl": "https://test.conduit-ucpi.com/",
  "urlParams": ""
}
[MOBILE-DEBUG:mobile-1761036990133-u8eyneqdqyp] [2025-10-30T21:50:48.039Z] [DATA] {
  "isMobile": true,
  "currentUrl": "https://test.conduit-ucpi.com/",
  "urlParams": ""
}
[MOBILE-DEBUG:mobile-1761036990133-u8eyneqdqyp] [2025-10-30T21:50:48.039Z] [CONTEXT] URL: https://test.conduit-ucpi.com/, UserAgent: Mozilla/5.0 (Linux; Android 10; K) AppleWebKit/537.36 (KHTML, like Gecko) Chrome/141.0.0.0 Mobile Safari/537.36
[MOBILE-DEBUG:mobile-1761036990133-u8eyneqdqyp] [2025-10-30T21:50:48.039Z] [DEBUG] [AuthManager] Redirect params check {
  "hasRedirectParams": false,
  "urlParams": ""
}
[MOBILE-DEBUG:mobile-1761036990133-u8eyneqdqyp] [2025-10-30T21:50:48.039Z] [DATA] {
  "hasRedirectParams": false,
  "urlParams": ""
}
[MOBILE-DEBUG:mobile-1761036990133-u8eyneqdqyp] [2025-10-30T21:50:48.039Z] [CONTEXT] URL: https://test.conduit-ucpi.com/, UserAgent: Mozilla/5.0 (Linux; Android 10; K) AppleWebKit/537.36 (KHTML, like Gecko) Chrome/141.0.0.0 Mobile Safari/537.36
[MOBILE-DEBUG:mobile-1761036990133-u8eyneqdqyp] [2025-10-30T21:50:48.039Z] [DEBUG] [TokenManager] Getting token {
  "hasToken": false
}
[MOBILE-DEBUG:mobile-1761036990133-u8eyneqdqyp] [2025-10-30T21:50:48.039Z] [DATA] {
  "hasToken": false
}
[MOBILE-DEBUG:mobile-1761036990133-u8eyneqdqyp] [2025-10-30T21:50:48.039Z] [CONTEXT] URL: https://test.conduit-ucpi.com/, UserAgent: Mozilla/5.0 (Linux; Android 10; K) AppleWebKit/537.36 (KHTML, like Gecko) Chrome/141.0.0.0 Mobile Safari/537.36
[MOBILE-DEBUG:mobile-1761036990133-u8eyneqdqyp] [2025-10-30T21:50:48.040Z] [DEBUG] [TokenManager] Getting token {
  "hasToken": false
}
[MOBILE-DEBUG:mobile-1761036990133-u8eyneqdqyp] [2025-10-30T21:50:48.040Z] [DATA] {
  "hasToken": false
}
[MOBILE-DEBUG:mobile-1761036990133-u8eyneqdqyp] [2025-10-30T21:50:48.040Z] [CONTEXT] URL: https://test.conduit-ucpi.com/, UserAgent: Mozilla/5.0 (Linux; Android 10; K) AppleWebKit/537.36 (KHTML, like Gecko) Chrome/141.0.0.0 Mobile Safari/537.36
[MOBILE-DEBUG:mobile-1761036990133-u8eyneqdqyp] [2025-10-30T21:50:48.129Z] [INFO] [ConnectWalletEmbedded] OAuth redirect check in useEffect {
  "isOAuthRedirect": false,
  "isConnected": false,
  "address": null,
  "hasUser": false,
  "willTriggerAuth": false
}
[MOBILE-DEBUG:mobile-1761036990133-u8eyneqdqyp] [2025-10-30T21:50:48.129Z] [DATA] {
  "isOAuthRedirect": false,
  "isConnected": false,
  "address": null,
  "hasUser": false,
  "willTriggerAuth": false
}
[MOBILE-DEBUG:mobile-1761036990133-u8eyneqdqyp] [2025-10-30T21:50:48.129Z] [CONTEXT] URL: https://test.conduit-ucpi.com/, UserAgent: Mozilla/5.0 (Linux; Android 10; K) AppleWebKit/537.36 (KHTML, like Gecko) Chrome/141.0.0.0 Mobile Safari/537.36
[MOBILE-DEBUG:mobile-1761036990133-u8eyneqdqyp] [2025-10-30T21:50:48.131Z] [INFO] [ConnectWalletEmbedded] OAuth redirect check in useEffect {
  "isOAuthRedirect": false,
  "isConnected": false,
  "address": null,
  "hasUser": false,
  "willTriggerAuth": false
}
[MOBILE-DEBUG:mobile-1761036990133-u8eyneqdqyp] [2025-10-30T21:50:48.131Z] [DATA] {
  "isOAuthRedirect": false,
  "isConnected": false,
  "address": null,
  "hasUser": false,
  "willTriggerAuth": false
}
[MOBILE-DEBUG:mobile-1761036990133-u8eyneqdqyp] [2025-10-30T21:50:48.131Z] [CONTEXT] URL: https://test.conduit-ucpi.com/, UserAgent: Mozilla/5.0 (Linux; Android 10; K) AppleWebKit/537.36 (KHTML, like Gecko) Chrome/141.0.0.0 Mobile Safari/537.36
[MOBILE-DEBUG:mobile-1761036990133-u8eyneqdqyp] [2025-10-30T21:50:48.329Z] [INFO] [ConnectWalletEmbedded] OAuth redirect check in useEffect {
  "isOAuthRedirect": false,
  "isConnected": false,
  "address": null,
  "hasUser": false,
  "willTriggerAuth": false
}
[MOBILE-DEBUG:mobile-1761036990133-u8eyneqdqyp] [2025-10-30T21:50:48.329Z] [DATA] {
  "isOAuthRedirect": false,
  "isConnected": false,
  "address": null,
  "hasUser": false,
  "willTriggerAuth": false
}
[MOBILE-DEBUG:mobile-1761036990133-u8eyneqdqyp] [2025-10-30T21:50:48.329Z] [CONTEXT] URL: https://test.conduit-ucpi.com/, UserAgent: Mozilla/5.0 (Linux; Android 10; K) AppleWebKit/537.36 (KHTML, like Gecko) Chrome/141.0.0.0 Mobile Safari/537.36
[MOBILE-DEBUG:mobile-1761036990133-u8eyneqdqyp] [2025-10-30T21:50:48.331Z] [INFO] [ConnectWalletEmbedded] OAuth redirect check in useEffect {
  "isOAuthRedirect": false,
  "isConnected": false,
  "address": null,
  "hasUser": false,
  "willTriggerAuth": false
}
[MOBILE-DEBUG:mobile-1761036990133-u8eyneqdqyp] [2025-10-30T21:50:48.331Z] [DATA] {
  "isOAuthRedirect": false,
  "isConnected": false,
  "address": null,
  "hasUser": false,
  "willTriggerAuth": false
}
[MOBILE-DEBUG:mobile-1761036990133-u8eyneqdqyp] [2025-10-30T21:50:48.331Z] [CONTEXT] URL: https://test.conduit-ucpi.com/, UserAgent: Mozilla/5.0 (Linux; Android 10; K) AppleWebKit/537.36 (KHTML, like Gecko) Chrome/141.0.0.0 Mobile Safari/537.36
[MOBILE-DEBUG:mobile-1761036990133-u8eyneqdqyp] [2025-10-30T21:50:48.532Z] [INFO] [ConnectWalletEmbedded] OAuth redirect check in useEffect {
  "isOAuthRedirect": false,
  "isConnected": false,
  "address": null,
  "hasUser": false,
  "willTriggerAuth": false
}
[MOBILE-DEBUG:mobile-1761036990133-u8eyneqdqyp] [2025-10-30T21:50:48.532Z] [DATA] {
  "isOAuthRedirect": false,
  "isConnected": false,
  "address": null,
  "hasUser": false,
  "willTriggerAuth": false
}
[MOBILE-DEBUG:mobile-1761036990133-u8eyneqdqyp] [2025-10-30T21:50:48.532Z] [CONTEXT] URL: https://test.conduit-ucpi.com/, UserAgent: Mozilla/5.0 (Linux; Android 10; K) AppleWebKit/537.36 (KHTML, like Gecko) Chrome/141.0.0.0 Mobile Safari/537.36
[MOBILE-DEBUG:mobile-1761036990133-u8eyneqdqyp] [2025-10-30T21:50:48.532Z] [INFO] [ConnectWalletEmbedded] OAuth redirect check in useEffect {
  "isOAuthRedirect": false,
  "isConnected": false,
  "address": null,
  "hasUser": false,
  "willTriggerAuth": false
}
[MOBILE-DEBUG:mobile-1761036990133-u8eyneqdqyp] [2025-10-30T21:50:48.532Z] [DATA] {
  "isOAuthRedirect": false,
  "isConnected": false,
  "address": null,
  "hasUser": false,
  "willTriggerAuth": false
}
[MOBILE-DEBUG:mobile-1761036990133-u8eyneqdqyp] [2025-10-30T21:50:48.532Z] [CONTEXT] URL: https://test.conduit-ucpi.com/, UserAgent: Mozilla/5.0 (Linux; Android 10; K) AppleWebKit/537.36 (KHTML, like Gecko) Chrome/141.0.0.0 Mobile Safari/537.36
[MOBILE-DEBUG:mobile-1761036990133-u8eyneqdqyp] [2025-10-30T21:50:49.030Z] [INFO] [ConnectWalletEmbedded] OAuth redirect check in useEffect {
  "isOAuthRedirect": false,
  "isConnected": false,
  "address": null,
  "hasUser": false,
  "willTriggerAuth": false
}
[MOBILE-DEBUG:mobile-1761036990133-u8eyneqdqyp] [2025-10-30T21:50:49.030Z] [DATA] {
  "isOAuthRedirect": false,
  "isConnected": false,
  "address": null,
  "hasUser": false,
  "willTriggerAuth": false
}
[MOBILE-DEBUG:mobile-1761036990133-u8eyneqdqyp] [2025-10-30T21:50:49.030Z] [CONTEXT] URL: https://test.conduit-ucpi.com/, UserAgent: Mozilla/5.0 (Linux; Android 10; K) AppleWebKit/537.36 (KHTML, like Gecko) Chrome/141.0.0.0 Mobile Safari/537.36
[MOBILE-DEBUG:mobile-1761036990133-u8eyneqdqyp] [2025-10-30T21:50:49.032Z] [INFO] [ConnectWalletEmbedded] OAuth redirect check in useEffect {
  "isOAuthRedirect": false,
  "isConnected": false,
  "address": null,
  "hasUser": false,
  "willTriggerAuth": false
}
[MOBILE-DEBUG:mobile-1761036990133-u8eyneqdqyp] [2025-10-30T21:50:49.032Z] [DATA] {
  "isOAuthRedirect": false,
  "isConnected": false,
  "address": null,
  "hasUser": false,
  "willTriggerAuth": false
}
[MOBILE-DEBUG:mobile-1761036990133-u8eyneqdqyp] [2025-10-30T21:50:49.032Z] [CONTEXT] URL: https://test.conduit-ucpi.com/, UserAgent: Mozilla/5.0 (Linux; Android 10; K) AppleWebKit/537.36 (KHTML, like Gecko) Chrome/141.0.0.0 Mobile Safari/537.36
[MOBILE-DEBUG:mobile-1761036990133-u8eyneqdqyp] Received 34 log entries
[MOBILE-DEBUG:mobile-1761036990133-u8eyneqdqyp] [2025-10-30T21:50:50.029Z] [INFO] [ConnectWalletEmbedded] OAuth redirect check in useEffect {
  "isOAuthRedirect": false,
  "isConnected": false,
  "address": null,
  "hasUser": false,
  "willTriggerAuth": false
}
[MOBILE-DEBUG:mobile-1761036990133-u8eyneqdqyp] [2025-10-30T21:50:50.029Z] [DATA] {
  "isOAuthRedirect": false,
  "isConnected": false,
  "address": null,
  "hasUser": false,
  "willTriggerAuth": false
}
[MOBILE-DEBUG:mobile-1761036990133-u8eyneqdqyp] [2025-10-30T21:50:50.029Z] [CONTEXT] URL: https://test.conduit-ucpi.com/, UserAgent: Mozilla/5.0 (Linux; Android 10; K) AppleWebKit/537.36 (KHTML, like Gecko) Chrome/141.0.0.0 Mobile Safari/537.36
[MOBILE-DEBUG:mobile-1761036990133-u8eyneqdqyp] [2025-10-30T21:50:50.031Z] [INFO] [ConnectWalletEmbedded] OAuth redirect check in useEffect {
  "isOAuthRedirect": false,
  "isConnected": false,
  "address": null,
  "hasUser": false,
  "willTriggerAuth": false
}
[MOBILE-DEBUG:mobile-1761036990133-u8eyneqdqyp] [2025-10-30T21:50:50.031Z] [DATA] {
  "isOAuthRedirect": false,
  "isConnected": false,
  "address": null,
  "hasUser": false,
  "willTriggerAuth": false
}
[MOBILE-DEBUG:mobile-1761036990133-u8eyneqdqyp] [2025-10-30T21:50:50.031Z] [CONTEXT] URL: https://test.conduit-ucpi.com/, UserAgent: Mozilla/5.0 (Linux; Android 10; K) AppleWebKit/537.36 (KHTML, like Gecko) Chrome/141.0.0.0 Mobile Safari/537.36
[MOBILE-DEBUG:mobile-1761036990133-u8eyneqdqyp] Received 2 log entries
[MOBILE-DEBUG:mobile-1761036990133-u8eyneqdqyp] [2025-10-30T21:50:52.446Z] [INFO] [ConnectWalletEmbedded] Get Started button clicked 
[MOBILE-DEBUG:mobile-1761036990133-u8eyneqdqyp] [2025-10-30T21:50:52.446Z] [CONTEXT] URL: https://test.conduit-ucpi.com/, UserAgent: Mozilla/5.0 (Linux; Android 10; K) AppleWebKit/537.36 (KHTML, like Gecko) Chrome/141.0.0.0 Mobile Safari/537.36
[MOBILE-DEBUG:mobile-1761036990133-u8eyneqdqyp] [2025-10-30T21:50:52.447Z] [DEBUG] [ConnectWalletEmbedded] Connect function availability {
  "hasConnect": true
}
[MOBILE-DEBUG:mobile-1761036990133-u8eyneqdqyp] [2025-10-30T21:50:52.447Z] [DATA] {
  "hasConnect": true
}
[MOBILE-DEBUG:mobile-1761036990133-u8eyneqdqyp] [2025-10-30T21:50:52.447Z] [CONTEXT] URL: https://test.conduit-ucpi.com/, UserAgent: Mozilla/5.0 (Linux; Android 10; K) AppleWebKit/537.36 (KHTML, like Gecko) Chrome/141.0.0.0 Mobile Safari/537.36
[MOBILE-DEBUG:mobile-1761036990133-u8eyneqdqyp] [2025-10-30T21:50:52.447Z] [INFO] [ConnectWalletEmbedded] Calling connect function... 
[MOBILE-DEBUG:mobile-1761036990133-u8eyneqdqyp] [2025-10-30T21:50:52.447Z] [CONTEXT] URL: https://test.conduit-ucpi.com/, UserAgent: Mozilla/5.0 (Linux; Android 10; K) AppleWebKit/537.36 (KHTML, like Gecko) Chrome/141.0.0.0 Mobile Safari/537.36
[MOBILE-DEBUG:mobile-1761036990133-u8eyneqdqyp] Received 3 log entries
[MOBILE-DEBUG:mobile-1761036990133-u8eyneqdqyp] [2025-10-30T21:50:52.732Z] [INFO] [AuthManager] Starting connection process {}
[MOBILE-DEBUG:mobile-1761036990133-u8eyneqdqyp] [2025-10-30T21:50:52.732Z] [DATA] {}
[MOBILE-DEBUG:mobile-1761036990133-u8eyneqdqyp] [2025-10-30T21:50:52.732Z] [CONTEXT] URL: https://test.conduit-ucpi.com/, UserAgent: Mozilla/5.0 (Linux; Android 10; K) AppleWebKit/537.36 (KHTML, like Gecko) Chrome/141.0.0.0 Mobile Safari/537.36
[MOBILE-DEBUG:mobile-1761036990133-u8eyneqdqyp] [2025-10-30T21:50:52.732Z] [INFO] [AuthManager] Using provider {
  "providerName": "dynamic"
}
[MOBILE-DEBUG:mobile-1761036990133-u8eyneqdqyp] [2025-10-30T21:50:52.732Z] [DATA] {
  "providerName": "dynamic"
}
[MOBILE-DEBUG:mobile-1761036990133-u8eyneqdqyp] [2025-10-30T21:50:52.732Z] [CONTEXT] URL: https://test.conduit-ucpi.com/, UserAgent: Mozilla/5.0 (Linux; Android 10; K) AppleWebKit/537.36 (KHTML, like Gecko) Chrome/141.0.0.0 Mobile Safari/537.36
[MOBILE-DEBUG:mobile-1761036990133-u8eyneqdqyp] Received 2 log entries
[MOBILE-DEBUG:mobile-1761036990133-u8eyneqdqyp] [2025-10-30T21:50:52.917Z] [INFO] [DynamicProvider] Connect called - opening Dynamic modal 
[MOBILE-DEBUG:mobile-1761036990133-u8eyneqdqyp] [2025-10-30T21:50:52.917Z] [CONTEXT] URL: https://test.conduit-ucpi.com/, UserAgent: Mozilla/5.0 (Linux; Android 10; K) AppleWebKit/537.36 (KHTML, like Gecko) Chrome/141.0.0.0 Mobile Safari/537.36
[MOBILE-DEBUG:mobile-1761036990133-u8eyneqdqyp] [2025-10-30T21:50:52.918Z] [INFO] [DynamicProvider] OAuth redirect check {
  "currentUrl": "https://test.conduit-ucpi.com/",
  "hasOAuthCode": false,
  "hasOAuthState": false,
  "isOAuthRedirect": false,
  "hasStoredResult": false
}
[MOBILE-DEBUG:mobile-1761036990133-u8eyneqdqyp] [2025-10-30T21:50:52.918Z] [DATA] {
  "currentUrl": "https://test.conduit-ucpi.com/",
  "hasOAuthCode": false,
  "hasOAuthState": false,
  "isOAuthRedirect": false,
  "hasStoredResult": false
}
[MOBILE-DEBUG:mobile-1761036990133-u8eyneqdqyp] [2025-10-30T21:50:52.918Z] [CONTEXT] URL: https://test.conduit-ucpi.com/, UserAgent: Mozilla/5.0 (Linux; Android 10; K) AppleWebKit/537.36 (KHTML, like Gecko) Chrome/141.0.0.0 Mobile Safari/537.36
[MOBILE-DEBUG:mobile-1761036990133-u8eyneqdqyp] [2025-10-30T21:50:52.918Z] [INFO] [DynamicProvider] Calling dynamicLogin function... 
[MOBILE-DEBUG:mobile-1761036990133-u8eyneqdqyp] [2025-10-30T21:50:52.918Z] [CONTEXT] URL: https://test.conduit-ucpi.com/, UserAgent: Mozilla/5.0 (Linux; Android 10; K) AppleWebKit/537.36 (KHTML, like Gecko) Chrome/141.0.0.0 Mobile Safari/537.36
[MOBILE-DEBUG:mobile-1761036990133-u8eyneqdqyp] [2025-10-30T21:50:52.918Z] [INFO] [DynamicBridge] Opening Dynamic auth flow 
[MOBILE-DEBUG:mobile-1761036990133-u8eyneqdqyp] [2025-10-30T21:50:52.918Z] [CONTEXT] URL: https://test.conduit-ucpi.com/, UserAgent: Mozilla/5.0 (Linux; Android 10; K) AppleWebKit/537.36 (KHTML, like Gecko) Chrome/141.0.0.0 Mobile Safari/537.36
[MOBILE-DEBUG:mobile-1761036990133-u8eyneqdqyp] [2025-10-30T21:50:52.919Z] [INFO] [DynamicBridge] authFlowOpen event received - auth modal opened 
[MOBILE-DEBUG:mobile-1761036990133-u8eyneqdqyp] [2025-10-30T21:50:52.919Z] [CONTEXT] URL: https://test.conduit-ucpi.com/, UserAgent: Mozilla/5.0 (Linux; Android 10; K) AppleWebKit/537.36 (KHTML, like Gecko) Chrome/141.0.0.0 Mobile Safari/537.36
[MOBILE-DEBUG:mobile-1761036990133-u8eyneqdqyp] [2025-10-30T21:50:52.930Z] [INFO] [DynamicBridge] Dynamic context properties {
  "hasSetShowAuthFlow": true,
  "hasPrimaryWallet": false,
  "hasUser": false,
  "hasHandleLogOut": true,
  "hasGetAuthToken": false,
  "contextKeys": [
    "accountSwitchState",
    "authMode",
    "awaitingSignatureState",
    "bridgeChains",
    "bridgeChainsToConnect",
    "getNameService",
    "handleLogOut",
    "handleUnlinkWallet",
    "loadingNetwork",
    "locale",
    "loginWithEmail",
    "multiWalletWidgetState",
    "network",
    "networkConfigurations",
    "primaryWallet",
    "qrcodeUri",
    "refetchProjectSettings",
    "removeWallet",
    "sdkHasLoaded",
    "selectedTabIndex",
    "sendWagmiSettings",
    "setAuthMode",
    "setLogInWithEmail",
    "setMultiWalletWidgetState",
    "setSelectedTabIndex",
    "setShowAuthFlow",
    "setShowBridgeWidget",
    "setShowDynamicUserProfile",
    "setShowQrcodeModal",
    "shadowDOMEnabled",
    "showAuthFlow",
    "showDynamicUserProfile",
    "showQrcodeModal",
    "user",
    "userWithMissingInfo"
  ]
}
[MOBILE-DEBUG:mobile-1761036990133-u8eyneqdqyp] [2025-10-30T21:50:52.930Z] [DATA] {
  "hasSetShowAuthFlow": true,
  "hasPrimaryWallet": false,
  "hasUser": false,
  "hasHandleLogOut": true,
  "hasGetAuthToken": false,
  "contextKeys": [
    "accountSwitchState",
    "authMode",
    "awaitingSignatureState",
    "bridgeChains",
    "bridgeChainsToConnect",
    "getNameService",
    "handleLogOut",
    "handleUnlinkWallet",
    "loadingNetwork",
    "locale",
    "loginWithEmail",
    "multiWalletWidgetState",
    "network",
    "networkConfigurations",
    "primaryWallet",
    "qrcodeUri",
    "refetchProjectSettings",
    "removeWallet",
    "sdkHasLoaded",
    "selectedTabIndex",
    "sendWagmiSettings",
    "setAuthMode",
    "setLogInWithEmail",
    "setMultiWalletWidgetState",
    "setSelectedTabIndex",
    "setShowAuthFlow",
    "setShowBridgeWidget",
    "setShowDynamicUserProfile",
    "setShowQrcodeModal",
    "shadowDOMEnabled",
    "showAuthFlow",
    "showDynamicUserProfile",
    "showQrcodeModal",
    "user",
    "userWithMissingInfo"
  ]
}
[MOBILE-DEBUG:mobile-1761036990133-u8eyneqdqyp] [2025-10-30T21:50:52.930Z] [CONTEXT] URL: https://test.conduit-ucpi.com/, UserAgent: Mozilla/5.0 (Linux; Android 10; K) AppleWebKit/537.36 (KHTML, like Gecko) Chrome/141.0.0.0 Mobile Safari/537.36
[MOBILE-DEBUG:mobile-1761036990133-u8eyneqdqyp] [2025-10-30T21:50:52.930Z] [INFO] [DynamicBridge] Clearing window.dynamicUser - no user available 
[MOBILE-DEBUG:mobile-1761036990133-u8eyneqdqyp] [2025-10-30T21:50:52.930Z] [CONTEXT] URL: https://test.conduit-ucpi.com/, UserAgent: Mozilla/5.0 (Linux; Android 10; K) AppleWebKit/537.36 (KHTML, like Gecko) Chrome/141.0.0.0 Mobile Safari/537.36
[MOBILE-DEBUG:mobile-1761036990133-u8eyneqdqyp] Received 7 log entries
[MOBILE-DEBUG:mobile-1761036990133-u8eyneqdqyp] [2025-10-30T21:51:02.134Z] [INFO] [DynamicBridge] authInit event received - authentication process started 
[MOBILE-DEBUG:mobile-1761036990133-u8eyneqdqyp] [2025-10-30T21:51:02.134Z] [CONTEXT] URL: https://test.conduit-ucpi.com/, UserAgent: Mozilla/5.0 (Linux; Android 10; K) AppleWebKit/537.36 (KHTML, like Gecko) Chrome/141.0.0.0 Mobile Safari/537.36
[MOBILE-DEBUG:mobile-1761036990133-u8eyneqdqyp] Received 1 log entries
[MOBILE-DEBUG:mobile-1761036990133-u8eyneqdqyp] [2025-10-30T21:51:22.941Z] [INFO] [DynamicBridge] authFlowClose event received 
[MOBILE-DEBUG:mobile-1761036990133-u8eyneqdqyp] [2025-10-30T21:51:22.941Z] [CONTEXT] URL: https://test.conduit-ucpi.com/, UserAgent: Mozilla/5.0 (Linux; Android 10; K) AppleWebKit/537.36 (KHTML, like Gecko) Chrome/141.0.0.0 Mobile Safari/537.36
[MOBILE-DEBUG:mobile-1761036990133-u8eyneqdqyp] [2025-10-30T21:51:22.941Z] [INFO] [DynamicBridge] Auth flow closed, waiting for wallet events... {
  "hasActivePromise": true
}
[MOBILE-DEBUG:mobile-1761036990133-u8eyneqdqyp] [2025-10-30T21:51:22.941Z] [DATA] {
  "hasActivePromise": true
}
[MOBILE-DEBUG:mobile-1761036990133-u8eyneqdqyp] [2025-10-30T21:51:22.941Z] [CONTEXT] URL: https://test.conduit-ucpi.com/, UserAgent: Mozilla/5.0 (Linux; Android 10; K) AppleWebKit/537.36 (KHTML, like Gecko) Chrome/141.0.0.0 Mobile Safari/537.36
[MOBILE-DEBUG:mobile-1761036990133-u8eyneqdqyp] [2025-10-30T21:51:22.979Z] [INFO] [DynamicBridge] Dynamic context properties {
  "hasSetShowAuthFlow": true,
  "hasPrimaryWallet": true,
  "hasUser": true,
  "hasHandleLogOut": true,
  "hasGetAuthToken": false,
  "contextKeys": [
    "accountSwitchState",
    "authMode",
    "awaitingSignatureState",
    "bridgeChains",
    "bridgeChainsToConnect",
    "getNameService",
    "handleLogOut",
    "handleUnlinkWallet",
    "loadingNetwork",
    "locale",
    "loginWithEmail",
    "multiWalletWidgetState",
    "network",
    "networkConfigurations",
    "primaryWallet",
    "qrcodeUri",
    "refetchProjectSettings",
    "removeWallet",
    "sdkHasLoaded",
    "selectedTabIndex",
    "sendWagmiSettings",
    "setAuthMode",
    "setLogInWithEmail",
    "setMultiWalletWidgetState",
    "setSelectedTabIndex",
    "setShowAuthFlow",
    "setShowBridgeWidget",
    "setShowDynamicUserProfile",
    "setShowQrcodeModal",
    "shadowDOMEnabled",
    "showAuthFlow",
    "showDynamicUserProfile",
    "showQrcodeModal",
    "user",
    "userWithMissingInfo"
  ]
}
[MOBILE-DEBUG:mobile-1761036990133-u8eyneqdqyp] [2025-10-30T21:51:22.979Z] [DATA] {
  "hasSetShowAuthFlow": true,
  "hasPrimaryWallet": true,
  "hasUser": true,
  "hasHandleLogOut": true,
  "hasGetAuthToken": false,
  "contextKeys": [
    "accountSwitchState",
    "authMode",
    "awaitingSignatureState",
    "bridgeChains",
    "bridgeChainsToConnect",
    "getNameService",
    "handleLogOut",
    "handleUnlinkWallet",
    "loadingNetwork",
    "locale",
    "loginWithEmail",
    "multiWalletWidgetState",
    "network",
    "networkConfigurations",
    "primaryWallet",
    "qrcodeUri",
    "refetchProjectSettings",
    "removeWallet",
    "sdkHasLoaded",
    "selectedTabIndex",
    "sendWagmiSettings",
    "setAuthMode",
    "setLogInWithEmail",
    "setMultiWalletWidgetState",
    "setSelectedTabIndex",
    "setShowAuthFlow",
    "setShowBridgeWidget",
    "setShowDynamicUserProfile",
    "setShowQrcodeModal",
    "shadowDOMEnabled",
    "showAuthFlow",
    "showDynamicUserProfile",
    "showQrcodeModal",
    "user",
    "userWithMissingInfo"
  ]
}
[MOBILE-DEBUG:mobile-1761036990133-u8eyneqdqyp] [2025-10-30T21:51:22.979Z] [CONTEXT] URL: https://test.conduit-ucpi.com/, UserAgent: Mozilla/5.0 (Linux; Android 10; K) AppleWebKit/537.36 (KHTML, like Gecko) Chrome/141.0.0.0 Mobile Safari/537.36
[MOBILE-DEBUG:mobile-1761036990133-u8eyneqdqyp] [2025-10-30T21:51:22.979Z] [INFO] [DynamicBridge] Setting window.dynamicUser {
  "hasUser": true,
  "email": "hamish@pank.org.uk",
  "hasVerifiedCredentials": true,
  "verifiedCredentialsCount": 2,
  "userKeys": [
    "alias",
    "btcWallet",
    "ckbWallet",
    "country",
    "discordNotification",
    "dogeWallet",
    "email",
    "emailNotification",
    "environmentId",
    "firstName",
    "jobTitle",
    "kasWallet",
    "kdaWallet",
    "lastName",
    "lastVerifiedCredentialId",
    "lists",
    "ltcWallet",
    "metadata",
    "mfaBackupCodeAcknowledgement",
    "missingFields",
    "newUser",
    "newsletterNotification",
    "phoneNumber",
    "policiesConsent",
    "scope",
    "sessionId",
    "tShirtSize",
    "team",
    "userId",
    "username",
    "verifiedCredentials"
  ]
}
[MOBILE-DEBUG:mobile-1761036990133-u8eyneqdqyp] [2025-10-30T21:51:22.979Z] [DATA] {
  "hasUser": true,
  "email": "hamish@pank.org.uk",
  "hasVerifiedCredentials": true,
  "verifiedCredentialsCount": 2,
  "userKeys": [
    "alias",
    "btcWallet",
    "ckbWallet",
    "country",
    "discordNotification",
    "dogeWallet",
    "email",
    "emailNotification",
    "environmentId",
    "firstName",
    "jobTitle",
    "kasWallet",
    "kdaWallet",
    "lastName",
    "lastVerifiedCredentialId",
    "lists",
    "ltcWallet",
    "metadata",
    "mfaBackupCodeAcknowledgement",
    "missingFields",
    "newUser",
    "newsletterNotification",
    "phoneNumber",
    "policiesConsent",
    "scope",
    "sessionId",
    "tShirtSize",
    "team",
    "userId",
    "username",
    "verifiedCredentials"
  ]
}
[MOBILE-DEBUG:mobile-1761036990133-u8eyneqdqyp] [2025-10-30T21:51:22.979Z] [CONTEXT] URL: https://test.conduit-ucpi.com/, UserAgent: Mozilla/5.0 (Linux; Android 10; K) AppleWebKit/537.36 (KHTML, like Gecko) Chrome/141.0.0.0 Mobile Safari/537.36
[MOBILE-DEBUG:mobile-1761036990133-u8eyneqdqyp] [2025-10-30T21:51:22.981Z] [INFO] [DynamicBridge] primaryWalletChanged event received {
  "wallet": true,
  "address": "0xcA23Ef18a957f768DaA12746D0b5D7eB112fbb43",
  "walletKey": "dynamicwaas",
  "hasActivePromise": true,
  "hasUser": true,
  "userEmail": "hamish@pank.org.uk",
  "userVerifiedCredentials": 2
}
[MOBILE-DEBUG:mobile-1761036990133-u8eyneqdqyp] [2025-10-30T21:51:22.981Z] [DATA] {
  "wallet": true,
  "address": "0xcA23Ef18a957f768DaA12746D0b5D7eB112fbb43",
  "walletKey": "dynamicwaas",
  "hasActivePromise": true,
  "hasUser": true,
  "userEmail": "hamish@pank.org.uk",
  "userVerifiedCredentials": 2
}
[MOBILE-DEBUG:mobile-1761036990133-u8eyneqdqyp] [2025-10-30T21:51:22.981Z] [CONTEXT] URL: https://test.conduit-ucpi.com/, UserAgent: Mozilla/5.0 (Linux; Android 10; K) AppleWebKit/537.36 (KHTML, like Gecko) Chrome/141.0.0.0 Mobile Safari/537.36
[MOBILE-DEBUG:mobile-1761036990133-u8eyneqdqyp] [2025-10-30T21:51:22.981Z] [INFO] [DynamicBridge] ✅ Resolving login promise with primaryWalletChanged event {
  "address": "0xcA23Ef18a957f768DaA12746D0b5D7eB112fbb43",
  "walletName": "Dynamic Waas",
  "hasUser": true,
  "finalUserEmail": "hamish@pank.org.uk",
  "usedFallback": false
}
[MOBILE-DEBUG:mobile-1761036990133-u8eyneqdqyp] [2025-10-30T21:51:22.981Z] [DATA] {
  "address": "0xcA23Ef18a957f768DaA12746D0b5D7eB112fbb43",
  "walletName": "Dynamic Waas",
  "hasUser": true,
  "finalUserEmail": "hamish@pank.org.uk",
  "usedFallback": false
}
[MOBILE-DEBUG:mobile-1761036990133-u8eyneqdqyp] [2025-10-30T21:51:22.981Z] [CONTEXT] URL: https://test.conduit-ucpi.com/, UserAgent: Mozilla/5.0 (Linux; Android 10; K) AppleWebKit/537.36 (KHTML, like Gecko) Chrome/141.0.0.0 Mobile Safari/537.36
[MOBILE-DEBUG:mobile-1761036990133-u8eyneqdqyp] [2025-10-30T21:51:22.985Z] [INFO] [DynamicProvider] Dynamic login result received {
  "hasResult": true,
  "hasAddress": true,
  "hasProvider": true
}
[MOBILE-DEBUG:mobile-1761036990133-u8eyneqdqyp] [2025-10-30T21:51:22.985Z] [DATA] {
  "hasResult": true,
  "hasAddress": true,
  "hasProvider": true
}
[MOBILE-DEBUG:mobile-1761036990133-u8eyneqdqyp] [2025-10-30T21:51:22.985Z] [CONTEXT] URL: https://test.conduit-ucpi.com/, UserAgent: Mozilla/5.0 (Linux; Android 10; K) AppleWebKit/537.36 (KHTML, like Gecko) Chrome/141.0.0.0 Mobile Safari/537.36
[MOBILE-DEBUG:mobile-1761036990133-u8eyneqdqyp] [2025-10-30T21:51:22.985Z] [INFO] [DynamicProvider] Setting up provider using Dynamic toolkit {
  "walletType": "Dynamic Waas",
  "walletKey": "dynamicwaas"
}
[MOBILE-DEBUG:mobile-1761036990133-u8eyneqdqyp] [2025-10-30T21:51:22.985Z] [DATA] {
  "walletType": "Dynamic Waas",
  "walletKey": "dynamicwaas"
}
[MOBILE-DEBUG:mobile-1761036990133-u8eyneqdqyp] [2025-10-30T21:51:22.985Z] [CONTEXT] URL: https://test.conduit-ucpi.com/, UserAgent: Mozilla/5.0 (Linux; Android 10; K) AppleWebKit/537.36 (KHTML, like Gecko) Chrome/141.0.0.0 Mobile Safari/537.36
[MOBILE-DEBUG:mobile-1761036990133-u8eyneqdqyp] [2025-10-30T21:51:22.985Z] [INFO] [DynamicProvider] Attempting to get Web3Provider (attempt 1/5) 
[MOBILE-DEBUG:mobile-1761036990133-u8eyneqdqyp] [2025-10-30T21:51:22.985Z] [CONTEXT] URL: https://test.conduit-ucpi.com/, UserAgent: Mozilla/5.0 (Linux; Android 10; K) AppleWebKit/537.36 (KHTML, like Gecko) Chrome/141.0.0.0 Mobile Safari/537.36
[MOBILE-DEBUG:mobile-1761036990133-u8eyneqdqyp] [2025-10-30T21:51:22.992Z] [INFO] [DynamicProvider] ✅ Successfully got Web3Provider on attempt 1 
[MOBILE-DEBUG:mobile-1761036990133-u8eyneqdqyp] [2025-10-30T21:51:22.992Z] [CONTEXT] URL: https://test.conduit-ucpi.com/, UserAgent: Mozilla/5.0 (Linux; Android 10; K) AppleWebKit/537.36 (KHTML, like Gecko) Chrome/141.0.0.0 Mobile Safari/537.36
[MOBILE-DEBUG:mobile-1761036990133-u8eyneqdqyp] [2025-10-30T21:51:22.993Z] [INFO] [DynamicProvider] ✅ Got provider from Dynamic toolkit 
[MOBILE-DEBUG:mobile-1761036990133-u8eyneqdqyp] [2025-10-30T21:51:22.993Z] [CONTEXT] URL: https://test.conduit-ucpi.com/, UserAgent: Mozilla/5.0 (Linux; Android 10; K) AppleWebKit/537.36 (KHTML, like Gecko) Chrome/141.0.0.0 Mobile Safari/537.36
[MOBILE-DEBUG:mobile-1761036990133-u8eyneqdqyp] [2025-10-30T21:51:22.993Z] [INFO] [DynamicProvider] ✅ Got EIP-1193 provider, wrapping with hybrid provider for universal compatibility 
[MOBILE-DEBUG:mobile-1761036990133-u8eyneqdqyp] [2025-10-30T21:51:22.993Z] [CONTEXT] URL: https://test.conduit-ucpi.com/, UserAgent: Mozilla/5.0 (Linux; Android 10; K) AppleWebKit/537.36 (KHTML, like Gecko) Chrome/141.0.0.0 Mobile Safari/537.36
[MOBILE-DEBUG:mobile-1761036990133-u8eyneqdqyp] [2025-10-30T21:51:22.994Z] [INFO] [MobileDeepLink] ✓ Layer 1 passed: Mobile/tablet device detected 
[MOBILE-DEBUG:mobile-1761036990133-u8eyneqdqyp] [2025-10-30T21:51:22.994Z] [CONTEXT] URL: https://test.conduit-ucpi.com/, UserAgent: Mozilla/5.0 (Linux; Android 10; K) AppleWebKit/537.36 (KHTML, like Gecko) Chrome/141.0.0.0 Mobile Safari/537.36
[MOBILE-DEBUG:mobile-1761036990133-u8eyneqdqyp] [2025-10-30T21:51:22.994Z] [INFO] [MobileDeepLink] 🔍 Provider structure inspection: {
  "providerType": "object",
  "providerKeys": [],
  "hasTransport": false,
  "transportType": "undefined",
  "transportKeys": [],
  "hasTransportValue": false,
  "transportValueType": "undefined",
  "transportValueKeys": [],
  "hasConnector": true,
  "connectorProviderKeys": [],
  "hasWalletBookInstance": true,
  "walletBookInstanceType": "object",
  "walletBookInstanceKeys": [
    "walletBook"
  ],
  "hasWalletBook": true,
  "walletBookType": "object",
  "walletBookKeys": [
    "groups",
    "wallets"
  ]
}
[MOBILE-DEBUG:mobile-1761036990133-u8eyneqdqyp] [2025-10-30T21:51:22.994Z] [DATA] {
  "providerType": "object",
  "providerKeys": [],
  "hasTransport": false,
  "transportType": "undefined",
  "transportKeys": [],
  "hasTransportValue": false,
  "transportValueType": "undefined",
  "transportValueKeys": [],
  "hasConnector": true,
  "connectorProviderKeys": [],
  "hasWalletBookInstance": true,
  "walletBookInstanceType": "object",
  "walletBookInstanceKeys": [
    "walletBook"
  ],
  "hasWalletBook": true,
  "walletBookType": "object",
  "walletBookKeys": [
    "groups",
    "wallets"
  ]
}
[MOBILE-DEBUG:mobile-1761036990133-u8eyneqdqyp] [2025-10-30T21:51:22.994Z] [CONTEXT] URL: https://test.conduit-ucpi.com/, UserAgent: Mozilla/5.0 (Linux; Android 10; K) AppleWebKit/537.36 (KHTML, like Gecko) Chrome/141.0.0.0 Mobile Safari/537.36
[MOBILE-DEBUG:mobile-1761036990133-u8eyneqdqyp] [2025-10-30T21:51:22.994Z] [INFO] [MobileDeepLink] 🔍 Deep dive into walletBook: {
  "hasSession": false,
  "hasProvider": false,
  "hasConnector": false,
  "hasWalletProvider": false,
  "hasClient": false,
  "hasWalletClient": false,
  "allKeys": [
    "groups",
    "wallets"
  ],
  "hasWalletsRecord": true,
  "walletsType": "object",
  "walletsIsArray": false,
  "walletsKeys": [
    "metamask",
    "trust",
    "zerion",
    "okxwallet",
    "binance",
    "bitgetwallet",
    "safepal",
    "tokenpocket",
    "uniswap",
    "bestwallet"
  ],
  "walletsCount": 636
}
[MOBILE-DEBUG:mobile-1761036990133-u8eyneqdqyp] [2025-10-30T21:51:22.994Z] [DATA] {
  "hasSession": false,
  "hasProvider": false,
  "hasConnector": false,
  "hasWalletProvider": false,
  "hasClient": false,
  "hasWalletClient": false,
  "allKeys": [
    "groups",
    "wallets"
  ],
  "hasWalletsRecord": true,
  "walletsType": "object",
  "walletsIsArray": false,
  "walletsKeys": [
    "metamask",
    "trust",
    "zerion",
    "okxwallet",
    "binance",
    "bitgetwallet",
    "safepal",
    "tokenpocket",
    "uniswap",
    "bestwallet"
  ],
  "walletsCount": 636
}
[MOBILE-DEBUG:mobile-1761036990133-u8eyneqdqyp] [2025-10-30T21:51:22.994Z] [CONTEXT] URL: https://test.conduit-ucpi.com/, UserAgent: Mozilla/5.0 (Linux; Android 10; K) AppleWebKit/537.36 (KHTML, like Gecko) Chrome/141.0.0.0 Mobile Safari/537.36
[MOBILE-DEBUG:mobile-1761036990133-u8eyneqdqyp] [2025-10-30T21:51:22.994Z] [INFO] [MobileDeepLink] 🔍 Looking up connected wallet in walletBook {
  "connectorName": "Dynamic Waas",
  "hasWallets": true,
  "walletsType": "object",
  "walletsKeys": [
    "metamask",
    "trust",
    "zerion",
    "okxwallet",
    "binance",
    "bitgetwallet",
    "safepal",
    "tokenpocket",
    "uniswap",
    "bestwallet"
  ]
}
[MOBILE-DEBUG:mobile-1761036990133-u8eyneqdqyp] [2025-10-30T21:51:22.994Z] [DATA] {
  "connectorName": "Dynamic Waas",
  "hasWallets": true,
  "walletsType": "object",
  "walletsKeys": [
    "metamask",
    "trust",
    "zerion",
    "okxwallet",
    "binance",
    "bitgetwallet",
    "safepal",
    "tokenpocket",
    "uniswap",
    "bestwallet"
  ]
}
[MOBILE-DEBUG:mobile-1761036990133-u8eyneqdqyp] [2025-10-30T21:51:22.994Z] [CONTEXT] URL: https://test.conduit-ucpi.com/, UserAgent: Mozilla/5.0 (Linux; Android 10; K) AppleWebKit/537.36 (KHTML, like Gecko) Chrome/141.0.0.0 Mobile Safari/537.36
[MOBILE-DEBUG:mobile-1761036990133-u8eyneqdqyp] [2025-10-30T21:51:22.994Z] [INFO] [MobileDeepLink] ⚠️  No wallet config found for "Dynamic Waas" 
[MOBILE-DEBUG:mobile-1761036990133-u8eyneqdqyp] [2025-10-30T21:51:22.994Z] [CONTEXT] URL: https://test.conduit-ucpi.com/, UserAgent: Mozilla/5.0 (Linux; Android 10; K) AppleWebKit/537.36 (KHTML, like Gecko) Chrome/141.0.0.0 Mobile Safari/537.36
[MOBILE-DEBUG:mobile-1761036990133-u8eyneqdqyp] [2025-10-30T21:51:22.994Z] [INFO] [MobileDeepLink] ⏭️  No WalletConnect session or wallet config found - likely injected wallet, skipping wrapper {
  "hasProvider": true,
  "hasTransport": false,
  "hasWcProvider": true
}
[MOBILE-DEBUG:mobile-1761036990133-u8eyneqdqyp] [2025-10-30T21:51:22.994Z] [DATA] {
  "hasProvider": true,
  "hasTransport": false,
  "hasWcProvider": true
}
[MOBILE-DEBUG:mobile-1761036990133-u8eyneqdqyp] [2025-10-30T21:51:22.994Z] [CONTEXT] URL: https://test.conduit-ucpi.com/, UserAgent: Mozilla/5.0 (Linux; Android 10; K) AppleWebKit/537.36 (KHTML, like Gecko) Chrome/141.0.0.0 Mobile Safari/537.36
[MOBILE-DEBUG:mobile-1761036990133-u8eyneqdqyp] [2025-10-30T21:51:23.015Z] [INFO] [HybridProviderFactory] 🔧 Creating universal hybrid provider wrapper {
  "chainId": 8453,
  "rpcUrl": "https://rpc.ankr.com/base/ece739aa8645bab439684917a8b43160d6dd77699386bb20d502cb1266410c1e",
  "walletProvider": "object"
}
[MOBILE-DEBUG:mobile-1761036990133-u8eyneqdqyp] [2025-10-30T21:51:23.015Z] [DATA] {
  "chainId": 8453,
  "rpcUrl": "https://rpc.ankr.com/base/ece739aa8645bab439684917a8b43160d6dd77699386bb20d502cb1266410c1e",
  "walletProvider": "object"
}
[MOBILE-DEBUG:mobile-1761036990133-u8eyneqdqyp] [2025-10-30T21:51:23.015Z] [CONTEXT] URL: https://test.conduit-ucpi.com/, UserAgent: Mozilla/5.0 (Linux; Android 10; K) AppleWebKit/537.36 (KHTML, like Gecko) Chrome/141.0.0.0 Mobile Safari/537.36
[MOBILE-DEBUG:mobile-1761036990133-u8eyneqdqyp] [2025-10-30T21:51:23.016Z] [INFO] [HybridProvider] ✅ Created hybrid provider {
  "chainId": 8453,
  "hasReadProvider": true,
  "hasWalletProvider": true,
  "readMethods": 19,
  "walletMethods": 12
}
[MOBILE-DEBUG:mobile-1761036990133-u8eyneqdqyp] [2025-10-30T21:51:23.016Z] [DATA] {
  "chainId": 8453,
  "hasReadProvider": true,
  "hasWalletProvider": true,
  "readMethods": 19,
  "walletMethods": 12
}
[MOBILE-DEBUG:mobile-1761036990133-u8eyneqdqyp] [2025-10-30T21:51:23.016Z] [CONTEXT] URL: https://test.conduit-ucpi.com/, UserAgent: Mozilla/5.0 (Linux; Android 10; K) AppleWebKit/537.36 (KHTML, like Gecko) Chrome/141.0.0.0 Mobile Safari/537.36
[MOBILE-DEBUG:mobile-1761036990133-u8eyneqdqyp] [2025-10-30T21:51:23.016Z] [INFO] [HybridProviderFactory] ✅ Universal hybrid provider created - all wallets now use Base RPC for reads 
[MOBILE-DEBUG:mobile-1761036990133-u8eyneqdqyp] [2025-10-30T21:51:23.016Z] [CONTEXT] URL: https://test.conduit-ucpi.com/, UserAgent: Mozilla/5.0 (Linux; Android 10; K) AppleWebKit/537.36 (KHTML, like Gecko) Chrome/141.0.0.0 Mobile Safari/537.36
[MOBILE-DEBUG:mobile-1761036990133-u8eyneqdqyp] [2025-10-30T21:51:23.016Z] [INFO] [DynamicProvider] ✅ Ethers provider created successfully with universal hybrid wrapping {
  "version": "v2_hybrid",
  "hasConnector": true
}
[MOBILE-DEBUG:mobile-1761036990133-u8eyneqdqyp] [2025-10-30T21:51:23.016Z] [DATA] {
  "version": "v2_hybrid",
  "hasConnector": true
}
[MOBILE-DEBUG:mobile-1761036990133-u8eyneqdqyp] [2025-10-30T21:51:23.016Z] [CONTEXT] URL: https://test.conduit-ucpi.com/, UserAgent: Mozilla/5.0 (Linux; Android 10; K) AppleWebKit/537.36 (KHTML, like Gecko) Chrome/141.0.0.0 Mobile Safari/537.36
[MOBILE-DEBUG:mobile-1761036990133-u8eyneqdqyp] [2025-10-30T21:51:23.016Z] [INFO] [DynamicProvider] 📝 Universal approach: ALL wallets use hybrid provider (reads via Base RPC, writes via wallet) 
[MOBILE-DEBUG:mobile-1761036990133-u8eyneqdqyp] [2025-10-30T21:51:23.016Z] [CONTEXT] URL: https://test.conduit-ucpi.com/, UserAgent: Mozilla/5.0 (Linux; Android 10; K) AppleWebKit/537.36 (KHTML, like Gecko) Chrome/141.0.0.0 Mobile Safari/537.36
[MOBILE-DEBUG:mobile-1761036990133-u8eyneqdqyp] [2025-10-30T21:51:23.016Z] [INFO] [DynamicProvider] Connection successful {
  "success": true,
  "address": "0xcA23Ef18a957f768DaA12746D0b5D7eB112fbb43",
  "capabilities": {
    "canSign": true,
    "canTransact": true,
    "canSwitchWallets": true,
    "isAuthOnly": false
  }
}
[MOBILE-DEBUG:mobile-1761036990133-u8eyneqdqyp] [2025-10-30T21:51:23.016Z] [DATA] {
  "success": true,
  "address": "0xcA23Ef18a957f768DaA12746D0b5D7eB112fbb43",
  "capabilities": {
    "canSign": true,
    "canTransact": true,
    "canSwitchWallets": true,
    "isAuthOnly": false
  }
}
[MOBILE-DEBUG:mobile-1761036990133-u8eyneqdqyp] [2025-10-30T21:51:23.016Z] [CONTEXT] URL: https://test.conduit-ucpi.com/, UserAgent: Mozilla/5.0 (Linux; Android 10; K) AppleWebKit/537.36 (KHTML, like Gecko) Chrome/141.0.0.0 Mobile Safari/537.36
[MOBILE-DEBUG:mobile-1761036990133-u8eyneqdqyp] [2025-10-30T21:51:23.016Z] [INFO] [AuthManager] ✅ Connection successful {
  "address": "0xcA23Ef18a957f768DaA12746D0b5D7eB112fbb43",
  "providerName": "dynamic",
  "capabilities": {
    "canSign": true,
    "canTransact": true,
    "canSwitchWallets": true,
    "isAuthOnly": false
  }
}
[MOBILE-DEBUG:mobile-1761036990133-u8eyneqdqyp] [2025-10-30T21:51:23.016Z] [DATA] {
  "address": "0xcA23Ef18a957f768DaA12746D0b5D7eB112fbb43",
  "providerName": "dynamic",
  "capabilities": {
    "canSign": true,
    "canTransact": true,
    "canSwitchWallets": true,
    "isAuthOnly": false
  }
}
[MOBILE-DEBUG:mobile-1761036990133-u8eyneqdqyp] [2025-10-30T21:51:23.016Z] [CONTEXT] URL: https://test.conduit-ucpi.com/, UserAgent: Mozilla/5.0 (Linux; Android 10; K) AppleWebKit/537.36 (KHTML, like Gecko) Chrome/141.0.0.0 Mobile Safari/537.36
[MOBILE-DEBUG:mobile-1761036990133-u8eyneqdqyp] Received 25 log entries
[MOBILE-DEBUG:mobile-1761036990133-u8eyneqdqyp] [2025-10-30T21:51:23.172Z] [INFO] [ConnectWalletEmbedded] Connection successful, authenticating with backend... 
[MOBILE-DEBUG:mobile-1761036990133-u8eyneqdqyp] [2025-10-30T21:51:23.172Z] [CONTEXT] URL: https://test.conduit-ucpi.com/, UserAgent: Mozilla/5.0 (Linux; Android 10; K) AppleWebKit/537.36 (KHTML, like Gecko) Chrome/141.0.0.0 Mobile Safari/537.36
[MOBILE-DEBUG:mobile-1761036990133-u8eyneqdqyp] [2025-10-30T21:51:23.172Z] [INFO] [AuthProvider] authenticateBackend called {
  "hasConnectionResult": true,
  "connectionSuccess": true,
  "connectionAddress": "0xcA23Ef18a957f768DaA12746D0b5D7eB112fbb43",
  "reactStateConnected": false,
  "reactStateAddress": null
}
[MOBILE-DEBUG:mobile-1761036990133-u8eyneqdqyp] [2025-10-30T21:51:23.172Z] [DATA] {
  "hasConnectionResult": true,
  "connectionSuccess": true,
  "connectionAddress": "0xcA23Ef18a957f768DaA12746D0b5D7eB112fbb43",
  "reactStateConnected": false,
  "reactStateAddress": null
}
[MOBILE-DEBUG:mobile-1761036990133-u8eyneqdqyp] [2025-10-30T21:51:23.172Z] [CONTEXT] URL: https://test.conduit-ucpi.com/, UserAgent: Mozilla/5.0 (Linux; Android 10; K) AppleWebKit/537.36 (KHTML, like Gecko) Chrome/141.0.0.0 Mobile Safari/537.36
[MOBILE-DEBUG:mobile-1761036990133-u8eyneqdqyp] [2025-10-30T21:51:23.172Z] [DEBUG] [AuthProvider] Authentication state check {
  "isConnected": true,
  "address": "0xcA23Ef18a957f768DaA12746D0b5D7eB112fbb43",
  "usingConnectionResult": true
}
[MOBILE-DEBUG:mobile-1761036990133-u8eyneqdqyp] [2025-10-30T21:51:23.172Z] [DATA] {
  "isConnected": true,
  "address": "0xcA23Ef18a957f768DaA12746D0b5D7eB112fbb43",
  "usingConnectionResult": true
}
[MOBILE-DEBUG:mobile-1761036990133-u8eyneqdqyp] [2025-10-30T21:51:23.172Z] [CONTEXT] URL: https://test.conduit-ucpi.com/, UserAgent: Mozilla/5.0 (Linux; Android 10; K) AppleWebKit/537.36 (KHTML, like Gecko) Chrome/141.0.0.0 Mobile Safari/537.36
[MOBILE-DEBUG:mobile-1761036990133-u8eyneqdqyp] [2025-10-30T21:51:23.172Z] [INFO] [AuthProvider] Starting message signing for authentication {
  "address": "0xcA23Ef18a957f768DaA12746D0b5D7eB112fbb43"
}
[MOBILE-DEBUG:mobile-1761036990133-u8eyneqdqyp] [2025-10-30T21:51:23.172Z] [DATA] {
  "address": "0xcA23Ef18a957f768DaA12746D0b5D7eB112fbb43"
}
[MOBILE-DEBUG:mobile-1761036990133-u8eyneqdqyp] [2025-10-30T21:51:23.172Z] [CONTEXT] URL: https://test.conduit-ucpi.com/, UserAgent: Mozilla/5.0 (Linux; Android 10; K) AppleWebKit/537.36 (KHTML, like Gecko) Chrome/141.0.0.0 Mobile Safari/537.36
[MOBILE-DEBUG:mobile-1761036990133-u8eyneqdqyp] [2025-10-30T21:51:23.172Z] [INFO] [AuthManager] Signing message for backend authentication {
  "address": "0xcA23Ef18a957f768DaA12746D0b5D7eB112fbb43",
  "providerName": "dynamic"
}
[MOBILE-DEBUG:mobile-1761036990133-u8eyneqdqyp] [2025-10-30T21:51:23.172Z] [DATA] {
  "address": "0xcA23Ef18a957f768DaA12746D0b5D7eB112fbb43",
  "providerName": "dynamic"
}
[MOBILE-DEBUG:mobile-1761036990133-u8eyneqdqyp] [2025-10-30T21:51:23.172Z] [CONTEXT] URL: https://test.conduit-ucpi.com/, UserAgent: Mozilla/5.0 (Linux; Android 10; K) AppleWebKit/537.36 (KHTML, like Gecko) Chrome/141.0.0.0 Mobile Safari/537.36
[MOBILE-DEBUG:mobile-1761036990133-u8eyneqdqyp] [2025-10-30T21:51:23.172Z] [INFO] [DynamicProvider] Creating signer directly from wallet connector 
[MOBILE-DEBUG:mobile-1761036990133-u8eyneqdqyp] [2025-10-30T21:51:23.172Z] [CONTEXT] URL: https://test.conduit-ucpi.com/, UserAgent: Mozilla/5.0 (Linux; Android 10; K) AppleWebKit/537.36 (KHTML, like Gecko) Chrome/141.0.0.0 Mobile Safari/537.36
[MOBILE-DEBUG:mobile-1761036990133-u8eyneqdqyp] [2025-10-30T21:51:23.172Z] [INFO] [DynamicProvider] 🔍 Connector structure: {
  "connectorKeys": [
    "_events",
    "_eventsCount",
    "chainRpcProviders",
    "isGlobalTransaction",
    "didSetup",
    "requiresNonDynamicEmailOtp",
    "canConnectViaCustodialService",
    "canConnectViaQrCode",
    "canConnectViaSocial",
    "canHandleMultipleConnections",
    "isAvailable",
    "isEmbeddedWallet",
    "isWalletConnect",
    "overrideKey",
    "providerResources",
    "switchNetworkOnlyFromWallet",
    "isInitialized",
    "constructorProps",
    "_walletBookInstance",
    "_metadata",
    "walletConnectorEventsEmitter",
    "supportedChains",
    "connectedChain",
    "ChainWallet",
    "evmNetworkRpcMap",
    "walletUiUtils",
    "evmNetworks",
    "providersConfig",
    "name",
    "authMode"
  ],
  "hasProvider": false,
  "hasGetWalletClient": true,
  "providerKeys": []
}
[MOBILE-DEBUG:mobile-1761036990133-u8eyneqdqyp] [2025-10-30T21:51:23.172Z] [DATA] {
  "connectorKeys": [
    "_events",
    "_eventsCount",
    "chainRpcProviders",
    "isGlobalTransaction",
    "didSetup",
    "requiresNonDynamicEmailOtp",
    "canConnectViaCustodialService",
    "canConnectViaQrCode",
    "canConnectViaSocial",
    "canHandleMultipleConnections",
    "isAvailable",
    "isEmbeddedWallet",
    "isWalletConnect",
    "overrideKey",
    "providerResources",
    "switchNetworkOnlyFromWallet",
    "isInitialized",
    "constructorProps",
    "_walletBookInstance",
    "_metadata",
    "walletConnectorEventsEmitter",
    "supportedChains",
    "connectedChain",
    "ChainWallet",
    "evmNetworkRpcMap",
    "walletUiUtils",
    "evmNetworks",
    "providersConfig",
    "name",
    "authMode"
  ],
  "hasProvider": false,
  "hasGetWalletClient": true,
  "providerKeys": []
}
[MOBILE-DEBUG:mobile-1761036990133-u8eyneqdqyp] [2025-10-30T21:51:23.172Z] [CONTEXT] URL: https://test.conduit-ucpi.com/, UserAgent: Mozilla/5.0 (Linux; Android 10; K) AppleWebKit/537.36 (KHTML, like Gecko) Chrome/141.0.0.0 Mobile Safari/537.36
[MOBILE-DEBUG:mobile-1761036990133-u8eyneqdqyp] [2025-10-30T21:51:23.173Z] [INFO] [MobileDeepLink] ✓ Layer 1 passed: Mobile/tablet device detected 
[MOBILE-DEBUG:mobile-1761036990133-u8eyneqdqyp] [2025-10-30T21:51:23.173Z] [CONTEXT] URL: https://test.conduit-ucpi.com/, UserAgent: Mozilla/5.0 (Linux; Android 10; K) AppleWebKit/537.36 (KHTML, like Gecko) Chrome/141.0.0.0 Mobile Safari/537.36
[MOBILE-DEBUG:mobile-1761036990133-u8eyneqdqyp] [2025-10-30T21:51:23.173Z] [INFO] [MobileDeepLink] 🔍 Provider structure inspection: {
  "providerType": "object",
  "providerKeys": [
    "account",
    "batch",
    "cacheTime",
    "ccipRead",
    "chain",
    "key",
    "name",
    "pollingInterval",
    "request",
    "transport",
    "type",
    "uid",
    "extend",
    "addChain",
    "deployContract",
    "getAddresses",
    "getCallsStatus",
    "getCapabilities",
    "getChainId",
    "getPermissions"
  ],
  "hasTransport": true,
  "transportType": "object",
  "transportKeys": [
    "key",
    "methods",
    "name",
    "request",
    "retryCount",
    "retryDelay",
    "timeout",
    "type"
  ],
  "hasTransportValue": false,
  "transportValueType": "undefined",
  "transportValueKeys": [],
  "hasConnector": true,
  "connectorProviderKeys": [],
  "hasWalletBookInstance": true,
  "walletBookInstanceType": "object",
  "walletBookInstanceKeys": [
    "walletBook"
  ],
  "hasWalletBook": true,
  "walletBookType": "object",
  "walletBookKeys": [
    "groups",
    "wallets"
  ]
}
[MOBILE-DEBUG:mobile-1761036990133-u8eyneqdqyp] [2025-10-30T21:51:23.173Z] [DATA] {
  "providerType": "object",
  "providerKeys": [
    "account",
    "batch",
    "cacheTime",
    "ccipRead",
    "chain",
    "key",
    "name",
    "pollingInterval",
    "request",
    "transport",
    "type",
    "uid",
    "extend",
    "addChain",
    "deployContract",
    "getAddresses",
    "getCallsStatus",
    "getCapabilities",
    "getChainId",
    "getPermissions"
  ],
  "hasTransport": true,
  "transportType": "object",
  "transportKeys": [
    "key",
    "methods",
    "name",
    "request",
    "retryCount",
    "retryDelay",
    "timeout",
    "type"
  ],
  "hasTransportValue": false,
  "transportValueType": "undefined",
  "transportValueKeys": [],
  "hasConnector": true,
  "connectorProviderKeys": [],
  "hasWalletBookInstance": true,
  "walletBookInstanceType": "object",
  "walletBookInstanceKeys": [
    "walletBook"
  ],
  "hasWalletBook": true,
  "walletBookType": "object",
  "walletBookKeys": [
    "groups",
    "wallets"
  ]
}
[MOBILE-DEBUG:mobile-1761036990133-u8eyneqdqyp] [2025-10-30T21:51:23.173Z] [CONTEXT] URL: https://test.conduit-ucpi.com/, UserAgent: Mozilla/5.0 (Linux; Android 10; K) AppleWebKit/537.36 (KHTML, like Gecko) Chrome/141.0.0.0 Mobile Safari/537.36
[MOBILE-DEBUG:mobile-1761036990133-u8eyneqdqyp] [2025-10-30T21:51:23.173Z] [INFO] [MobileDeepLink] 🔍 Deep dive into walletBook: {
  "hasSession": false,
  "hasProvider": false,
  "hasConnector": false,
  "hasWalletProvider": false,
  "hasClient": false,
  "hasWalletClient": false,
  "allKeys": [
    "groups",
    "wallets"
  ],
  "hasWalletsRecord": true,
  "walletsType": "object",
  "walletsIsArray": false,
  "walletsKeys": [
    "metamask",
    "trust",
    "zerion",
    "okxwallet",
    "binance",
    "bitgetwallet",
    "safepal",
    "tokenpocket",
    "uniswap",
    "bestwallet"
  ],
  "walletsCount": 636
}
[MOBILE-DEBUG:mobile-1761036990133-u8eyneqdqyp] [2025-10-30T21:51:23.173Z] [DATA] {
  "hasSession": false,
  "hasProvider": false,
  "hasConnector": false,
  "hasWalletProvider": false,
  "hasClient": false,
  "hasWalletClient": false,
  "allKeys": [
    "groups",
    "wallets"
  ],
  "hasWalletsRecord": true,
  "walletsType": "object",
  "walletsIsArray": false,
  "walletsKeys": [
    "metamask",
    "trust",
    "zerion",
    "okxwallet",
    "binance",
    "bitgetwallet",
    "safepal",
    "tokenpocket",
    "uniswap",
    "bestwallet"
  ],
  "walletsCount": 636
}
[MOBILE-DEBUG:mobile-1761036990133-u8eyneqdqyp] [2025-10-30T21:51:23.173Z] [CONTEXT] URL: https://test.conduit-ucpi.com/, UserAgent: Mozilla/5.0 (Linux; Android 10; K) AppleWebKit/537.36 (KHTML, like Gecko) Chrome/141.0.0.0 Mobile Safari/537.36
[MOBILE-DEBUG:mobile-1761036990133-u8eyneqdqyp] [2025-10-30T21:51:23.173Z] [INFO] [MobileDeepLink] 🔍 Looking up connected wallet in walletBook {
  "connectorName": "Dynamic Waas",
  "hasWallets": true,
  "walletsType": "object",
  "walletsKeys": [
    "metamask",
    "trust",
    "zerion",
    "okxwallet",
    "binance",
    "bitgetwallet",
    "safepal",
    "tokenpocket",
    "uniswap",
    "bestwallet"
  ]
}
[MOBILE-DEBUG:mobile-1761036990133-u8eyneqdqyp] [2025-10-30T21:51:23.173Z] [DATA] {
  "connectorName": "Dynamic Waas",
  "hasWallets": true,
  "walletsType": "object",
  "walletsKeys": [
    "metamask",
    "trust",
    "zerion",
    "okxwallet",
    "binance",
    "bitgetwallet",
    "safepal",
    "tokenpocket",
    "uniswap",
    "bestwallet"
  ]
}
[MOBILE-DEBUG:mobile-1761036990133-u8eyneqdqyp] [2025-10-30T21:51:23.173Z] [CONTEXT] URL: https://test.conduit-ucpi.com/, UserAgent: Mozilla/5.0 (Linux; Android 10; K) AppleWebKit/537.36 (KHTML, like Gecko) Chrome/141.0.0.0 Mobile Safari/537.36
[MOBILE-DEBUG:mobile-1761036990133-u8eyneqdqyp] [2025-10-30T21:51:23.173Z] [INFO] [MobileDeepLink] ⚠️  No wallet config found for "Dynamic Waas" 
[MOBILE-DEBUG:mobile-1761036990133-u8eyneqdqyp] [2025-10-30T21:51:23.173Z] [CONTEXT] URL: https://test.conduit-ucpi.com/, UserAgent: Mozilla/5.0 (Linux; Android 10; K) AppleWebKit/537.36 (KHTML, like Gecko) Chrome/141.0.0.0 Mobile Safari/537.36
[MOBILE-DEBUG:mobile-1761036990133-u8eyneqdqyp] [2025-10-30T21:51:23.173Z] [INFO] [MobileDeepLink] ⏭️  No WalletConnect session or wallet config found - likely injected wallet, skipping wrapper {
  "hasProvider": true,
  "hasTransport": true,
  "hasWcProvider": true
}
[MOBILE-DEBUG:mobile-1761036990133-u8eyneqdqyp] [2025-10-30T21:51:23.173Z] [DATA] {
  "hasProvider": true,
  "hasTransport": true,
  "hasWcProvider": true
}
[MOBILE-DEBUG:mobile-1761036990133-u8eyneqdqyp] [2025-10-30T21:51:23.173Z] [CONTEXT] URL: https://test.conduit-ucpi.com/, UserAgent: Mozilla/5.0 (Linux; Android 10; K) AppleWebKit/537.36 (KHTML, like Gecko) Chrome/141.0.0.0 Mobile Safari/537.36
[MOBILE-DEBUG:mobile-1761036990133-u8eyneqdqyp] [2025-10-30T21:51:23.173Z] [INFO] [HybridProviderFactory] 🔧 Creating universal hybrid provider wrapper {
  "chainId": 8453,
  "rpcUrl": "https://rpc.ankr.com/base/ece739aa8645bab439684917a8b43160d6dd77699386bb20d502cb1266410c1e",
  "walletProvider": "object"
}
[MOBILE-DEBUG:mobile-1761036990133-u8eyneqdqyp] [2025-10-30T21:51:23.173Z] [DATA] {
  "chainId": 8453,
  "rpcUrl": "https://rpc.ankr.com/base/ece739aa8645bab439684917a8b43160d6dd77699386bb20d502cb1266410c1e",
  "walletProvider": "object"
}
[MOBILE-DEBUG:mobile-1761036990133-u8eyneqdqyp] [2025-10-30T21:51:23.173Z] [CONTEXT] URL: https://test.conduit-ucpi.com/, UserAgent: Mozilla/5.0 (Linux; Android 10; K) AppleWebKit/537.36 (KHTML, like Gecko) Chrome/141.0.0.0 Mobile Safari/537.36
[MOBILE-DEBUG:mobile-1761036990133-u8eyneqdqyp] [2025-10-30T21:51:23.174Z] [INFO] [HybridProvider] ✅ Created hybrid provider {
  "chainId": 8453,
  "hasReadProvider": true,
  "hasWalletProvider": true,
  "readMethods": 19,
  "walletMethods": 12
}
[MOBILE-DEBUG:mobile-1761036990133-u8eyneqdqyp] [2025-10-30T21:51:23.174Z] [DATA] {
  "chainId": 8453,
  "hasReadProvider": true,
  "hasWalletProvider": true,
  "readMethods": 19,
  "walletMethods": 12
}
[MOBILE-DEBUG:mobile-1761036990133-u8eyneqdqyp] [2025-10-30T21:51:23.174Z] [CONTEXT] URL: https://test.conduit-ucpi.com/, UserAgent: Mozilla/5.0 (Linux; Android 10; K) AppleWebKit/537.36 (KHTML, like Gecko) Chrome/141.0.0.0 Mobile Safari/537.36
[MOBILE-DEBUG:mobile-1761036990133-u8eyneqdqyp] [2025-10-30T21:51:23.174Z] [INFO] [HybridProviderFactory] ✅ Universal hybrid provider created - all wallets now use Base RPC for reads 
[MOBILE-DEBUG:mobile-1761036990133-u8eyneqdqyp] [2025-10-30T21:51:23.174Z] [CONTEXT] URL: https://test.conduit-ucpi.com/, UserAgent: Mozilla/5.0 (Linux; Android 10; K) AppleWebKit/537.36 (KHTML, like Gecko) Chrome/141.0.0.0 Mobile Safari/537.36
[MOBILE-DEBUG:mobile-1761036990133-u8eyneqdqyp] [2025-10-30T21:51:23.175Z] [DEBUG] [HybridProvider] 📖 Routing eth_chainId to read provider 
[MOBILE-DEBUG:mobile-1761036990133-u8eyneqdqyp] [2025-10-30T21:51:23.175Z] [CONTEXT] URL: https://test.conduit-ucpi.com/, UserAgent: Mozilla/5.0 (Linux; Android 10; K) AppleWebKit/537.36 (KHTML, like Gecko) Chrome/141.0.0.0 Mobile Safari/537.36
[MOBILE-DEBUG:mobile-1761036990133-u8eyneqdqyp] [2025-10-30T21:51:23.175Z] [DEBUG] [HybridProvider] 📝 Routing eth_accounts to wallet provider 
[MOBILE-DEBUG:mobile-1761036990133-u8eyneqdqyp] [2025-10-30T21:51:23.175Z] [CONTEXT] URL: https://test.conduit-ucpi.com/, UserAgent: Mozilla/5.0 (Linux; Android 10; K) AppleWebKit/537.36 (KHTML, like Gecko) Chrome/141.0.0.0 Mobile Safari/537.36
[MOBILE-DEBUG:mobile-1761036990133-u8eyneqdqyp] [2025-10-30T21:51:23.176Z] [DEBUG] [HybridProvider] 📝 Routing eth_accounts to wallet provider 
[MOBILE-DEBUG:mobile-1761036990133-u8eyneqdqyp] [2025-10-30T21:51:23.176Z] [CONTEXT] URL: https://test.conduit-ucpi.com/, UserAgent: Mozilla/5.0 (Linux; Android 10; K) AppleWebKit/537.36 (KHTML, like Gecko) Chrome/141.0.0.0 Mobile Safari/537.36
[MOBILE-DEBUG:mobile-1761036990133-u8eyneqdqyp] [2025-10-30T21:51:23.177Z] [INFO] [DynamicProvider] Signing message with direct signer {
  "message": "Authenticate wallet 0xcA23Ef18a957f768DaA12746D0b5...",
  "signerAddress": "0xcA23Ef18a957f768DaA12746D0b5D7eB112fbb43"
}
[MOBILE-DEBUG:mobile-1761036990133-u8eyneqdqyp] [2025-10-30T21:51:23.177Z] [DATA] {
  "message": "Authenticate wallet 0xcA23Ef18a957f768DaA12746D0b5...",
  "signerAddress": "0xcA23Ef18a957f768DaA12746D0b5D7eB112fbb43"
}
[MOBILE-DEBUG:mobile-1761036990133-u8eyneqdqyp] [2025-10-30T21:51:23.177Z] [CONTEXT] URL: https://test.conduit-ucpi.com/, UserAgent: Mozilla/5.0 (Linux; Android 10; K) AppleWebKit/537.36 (KHTML, like Gecko) Chrome/141.0.0.0 Mobile Safari/537.36
[MOBILE-DEBUG:mobile-1761036990133-u8eyneqdqyp] [2025-10-30T21:51:23.178Z] [DEBUG] [HybridProvider] 📝 Routing personal_sign to wallet provider 
[MOBILE-DEBUG:mobile-1761036990133-u8eyneqdqyp] [2025-10-30T21:51:23.178Z] [CONTEXT] URL: https://test.conduit-ucpi.com/, UserAgent: Mozilla/5.0 (Linux; Android 10; K) AppleWebKit/537.36 (KHTML, like Gecko) Chrome/141.0.0.0 Mobile Safari/537.36
[MOBILE-DEBUG:mobile-1761036990133-u8eyneqdqyp] Received 21 log entries
Login API called with: {
  userServiceUrl: 'http://userservice-prod:8977',
  authorization: 'present',
  body: { address: '0xcA23Ef18a957f768DaA12746D0b5D7eB112fbb43' }
}
UserService response: 200 
[MOBILE-DEBUG:mobile-1761036990133-u8eyneqdqyp] [2025-10-30T21:51:46.869Z] [INFO] [DynamicProvider] ✅ Message signed successfully 
[MOBILE-DEBUG:mobile-1761036990133-u8eyneqdqyp] [2025-10-30T21:51:46.869Z] [CONTEXT] URL: https://test.conduit-ucpi.com/, UserAgent: Mozilla/5.0 (Linux; Android 10; K) AppleWebKit/537.36 (KHTML, like Gecko) Chrome/141.0.0.0 Mobile Safari/537.36
[MOBILE-DEBUG:mobile-1761036990133-u8eyneqdqyp] [2025-10-30T21:51:46.869Z] [INFO] [AuthManager] ✅ Message signed successfully for backend auth 
[MOBILE-DEBUG:mobile-1761036990133-u8eyneqdqyp] [2025-10-30T21:51:46.869Z] [CONTEXT] URL: https://test.conduit-ucpi.com/, UserAgent: Mozilla/5.0 (Linux; Android 10; K) AppleWebKit/537.36 (KHTML, like Gecko) Chrome/141.0.0.0 Mobile Safari/537.36
[MOBILE-DEBUG:mobile-1761036990133-u8eyneqdqyp] [2025-10-30T21:51:46.869Z] [INFO] [AuthProvider] Message signed successfully, sending to backend {
  "address": "0xcA23Ef18a957f768DaA12746D0b5D7eB112fbb43",
  "hasToken": true
}
[MOBILE-DEBUG:mobile-1761036990133-u8eyneqdqyp] [2025-10-30T21:51:46.869Z] [DATA] {
  "address": "0xcA23Ef18a957f768DaA12746D0b5D7eB112fbb43",
  "hasToken": true
}
[MOBILE-DEBUG:mobile-1761036990133-u8eyneqdqyp] [2025-10-30T21:51:46.869Z] [CONTEXT] URL: https://test.conduit-ucpi.com/, UserAgent: Mozilla/5.0 (Linux; Android 10; K) AppleWebKit/537.36 (KHTML, like Gecko) Chrome/141.0.0.0 Mobile Safari/537.36
[MOBILE-DEBUG:mobile-1761036990133-u8eyneqdqyp] [2025-10-30T21:51:47.100Z] [DEBUG] [TokenManager] Setting token {
  "hasToken": true,
  "tokenLength": 788,
  "tokenType": "signature_auth"
}
[MOBILE-DEBUG:mobile-1761036990133-u8eyneqdqyp] [2025-10-30T21:51:47.100Z] [DATA] {
  "hasToken": true,
  "tokenLength": 788,
  "tokenType": "signature_auth"
}
[MOBILE-DEBUG:mobile-1761036990133-u8eyneqdqyp] [2025-10-30T21:51:47.100Z] [CONTEXT] URL: https://test.conduit-ucpi.com/, UserAgent: Mozilla/5.0 (Linux; Android 10; K) AppleWebKit/537.36 (KHTML, like Gecko) Chrome/141.0.0.0 Mobile Safari/537.36
[MOBILE-DEBUG:mobile-1761036990133-u8eyneqdqyp] [2025-10-30T21:51:47.100Z] [DEBUG] [TokenManager] Saving token to storage {
  "storageType": "sessionStorage",
  "tokenType": "signature_auth",
  "tokenLength": 788
}
[MOBILE-DEBUG:mobile-1761036990133-u8eyneqdqyp] [2025-10-30T21:51:47.100Z] [DATA] {
  "storageType": "sessionStorage",
  "tokenType": "signature_auth",
  "tokenLength": 788
}
[MOBILE-DEBUG:mobile-1761036990133-u8eyneqdqyp] [2025-10-30T21:51:47.100Z] [CONTEXT] URL: https://test.conduit-ucpi.com/, UserAgent: Mozilla/5.0 (Linux; Android 10; K) AppleWebKit/537.36 (KHTML, like Gecko) Chrome/141.0.0.0 Mobile Safari/537.36
[MOBILE-DEBUG:mobile-1761036990133-u8eyneqdqyp] [2025-10-30T21:51:47.100Z] [DEBUG] [AuthProvider] Backend authentication result {
  "success": true,
  "hasUser": true
}
[MOBILE-DEBUG:mobile-1761036990133-u8eyneqdqyp] [2025-10-30T21:51:47.100Z] [DATA] {
  "success": true,
  "hasUser": true
}
[MOBILE-DEBUG:mobile-1761036990133-u8eyneqdqyp] [2025-10-30T21:51:47.100Z] [CONTEXT] URL: https://test.conduit-ucpi.com/, UserAgent: Mozilla/5.0 (Linux; Android 10; K) AppleWebKit/537.36 (KHTML, like Gecko) Chrome/141.0.0.0 Mobile Safari/537.36
[MOBILE-DEBUG:mobile-1761036990133-u8eyneqdqyp] [2025-10-30T21:51:47.100Z] [INFO] [AuthProvider] ✅ Backend authentication successful 
[MOBILE-DEBUG:mobile-1761036990133-u8eyneqdqyp] [2025-10-30T21:51:47.100Z] [CONTEXT] URL: https://test.conduit-ucpi.com/, UserAgent: Mozilla/5.0 (Linux; Android 10; K) AppleWebKit/537.36 (KHTML, like Gecko) Chrome/141.0.0.0 Mobile Safari/537.36
[MOBILE-DEBUG:mobile-1761036990133-u8eyneqdqyp] [2025-10-30T21:51:47.101Z] [INFO] [ConnectWalletEmbedded] Backend authentication successful 
[MOBILE-DEBUG:mobile-1761036990133-u8eyneqdqyp] [2025-10-30T21:51:47.101Z] [CONTEXT] URL: https://test.conduit-ucpi.com/, UserAgent: Mozilla/5.0 (Linux; Android 10; K) AppleWebKit/537.36 (KHTML, like Gecko) Chrome/141.0.0.0 Mobile Safari/537.36
[MOBILE-DEBUG:mobile-1761036990133-u8eyneqdqyp] Received 8 log entries
